-> GET /sso/Login?forwardTo=22&RL=1&ip2loc=US
<- 200 GET /sso/Login?forwardTo=22&RL=1&ip2loc=US
-> GET /sso/Templates/otp-responsive.css?1648445822592
-> GET /scripts/common/js/bootstrap-switch-3.3.2/bootstrap-switch.min.js
-> GET /scripts/common/js/switchery/switchery.min.js
-> GET /scripts/common/js/icheck-1.0.2/icheck.min.js
-> GET /scripts/common/js/icheck-1.0.2/icheck-init.js
-> GET /sso/CombineFiles
<- 200 GET /scripts/common/js/bootstrap-switch-3.3.2/bootstrap-switch.min.js
-> GET /scripts/common/js/jquery-3.4.1/jquery.min.js
<- 200 GET /scripts/common/js/switchery/switchery.min.js
-> GET /scripts/common/js/jquery-ui-1.12.1/jquery-ui.min.js
<- 200 GET /scripts/common/js/icheck-1.0.2/icheck-init.js
-> GET /scripts/common/js/bootstrap-4.3.1/bootstrap.bundle.min.js
<- 200 GET /scripts/common/js/icheck-1.0.2/icheck.min.js
-> GET /scripts/common/js/switchery/switchery-init.js
<- 200 GET /scripts/common/js/jquery-3.4.1/jquery.min.js
<- 200 GET /scripts/common/js/bootstrap-4.3.1/bootstrap.bundle.min.js
<- 200 GET /scripts/common/js/jquery-ui-1.12.1/jquery-ui.min.js
<- 200 GET /sso/Templates/otp-responsive.css?1648445822592
<- 200 GET /scripts/common/js/switchery/switchery-init.js
<- 200 GET /sso/CombineFiles
-> GET /sso/images/2fa.png
-> GET /images/2015/btn-app-apple.png
-> GET /images/2015/btn-app-google.png
-> GET /images/2015/btn-app-tws.png
-> GET /images/2015/button_discover_apis.png
<- 200 GET /images/2015/btn-app-apple.png
<- 200 GET /images/2015/btn-app-tws.png
<- 200 GET /images/2015/button_discover_apis.png
<- 200 GET /sso/images/2fa.png
<- 200 GET /images/2015/btn-app-google.png
-> GET /images/web/favicons/home-screen-icon-128x128.png
<- 200 GET /images/web/favicons/home-screen-icon-128x128.png
-> POST /sso/Authenticator;jsessionid=3F3437595A0D7EDCE80565BE434FFE42.ny5wwwdam2-internet?34397
<- 200 POST /sso/Authenticator;jsessionid=3F3437595A0D7EDCE80565BE434FFE42.ny5wwwdam2-internet?34397
-> POST /sso/Authenticator;jsessionid=3F3437595A0D7EDCE80565BE434FFE42.ny5wwwdam2-internet?94099
<- 200 POST /sso/Authenticator;jsessionid=3F3437595A0D7EDCE80565BE434FFE42.ny5wwwdam2-internet?94099
-> POST /sso/Authenticator;jsessionid=3F3437595A0D7EDCE80565BE434FFE42.ny5wwwdam2-internet?32249
<- 200 POST /sso/Authenticator;jsessionid=3F3437595A0D7EDCE80565BE434FFE42.ny5wwwdam2-internet?32249
-> POST /sso/Authenticator;jsessionid=3F3437595A0D7EDCE80565BE434FFE42.ny5wwwdam2-internet?25097
<- 200 POST /sso/Authenticator;jsessionid=3F3437595A0D7EDCE80565BE434FFE42.ny5wwwdam2-internet?25097
-> POST /sso/Dispatcher;jsessionid=3F3437595A0D7EDCE80565BE434FFE42.ny5wwwdam2-internet
<- 302 POST /sso/Dispatcher;jsessionid=3F3437595A0D7EDCE80565BE434FFE42.ny5wwwdam2-internet
-> request: /v1/api/sso/validate?gw=1
-> request: /AccountManagement/OneBarAuthentication?json=1
-> GET /AccountManagement/OneBarAuthentication?json=1,404|530ms
-> GET /v1/api/sso/validate?gw=1,200|617ms
-> request: /v1/api/one/user
-> request: /sso/AuthenticateSSODH?ACTION=INIT
-> sso GET https://api.ibkr.com/sso/AuthenticateSSODH?ACTION=INIT
-> request: /sso/AuthenticateSSODH?ACTION=COMPLETE&B=42f353eb4d6c867a37eb21ea1341249fd42729e96ce5f62be22e350a773d3c0de475a4f55cc56ef448488f7197bd4c1273fab3471512b7b7cce46cb1f4184680&CHRESPONSE=66430610e71e248147a00eb440f3cba6f4e733dc
-> sso GET https://api.ibkr.com/sso/AuthenticateSSODH?ACTION=COMPLETE&B=42f353eb4d6c867a37eb21ea1341249fd42729e96ce5f62be22e350a773d3c0de475a4f55cc56ef448488f7197bd4c1273fab3471512b7b7cce46cb1f4184680&CHRESPONSE=66430610e71e248147a00eb440f3cba6f4e733dc
-> GET /v1/api/one/user,200|1572ms
-> GET /v1/api/portfolio/accounts
<- 200 GET /v1/api/portfolio/accounts
-> request: /v1/api/iserver/auth/status
-> GET /v1/api/iserver/auth/status,200|376ms
-> request: /v1/api/iserver/auth/ssodh/init
-> POST https://api.ibkr.com/v1/api/iserver/auth/ssodh/init,200|1070ms
-> request: /v1/api/iserver/auth/ssodh/response
-> POST https://api.ibkr.com/v1/api/iserver/auth/ssodh/response,200|446ms
-> request: /v1/api/iserver/accounts
-> GET /v1/api/portfolio/accounts
-> GET /v1/api/iserver/accounts,200|516ms
<- 200 GET /v1/api/portfolio/accounts
-> GET /v1/api/portfolio/accounts
<- 200 GET /v1/api/portfolio/accounts
-> GET /v1/api/portfolio/accounts
<- 200 GET /v1/api/portfolio/accounts
-> request: /v1/api/tickle
-> GET /v1/api/tickle,200|391ms
-> request: /v1/api/tickle
-> GET /v1/api/tickle,200|428ms
-> request: /v1/api/tickle
-> GET /v1/api/tickle,200|354ms
-> request: /v1/api/tickle
-> GET /v1/api/tickle,200|360ms
-> GET /v1/api/portfolio/accounts
<- 200 GET /v1/api/portfolio/accounts
-> request: /v1/api/tickle
-> GET /v1/api/tickle,200|344ms
-> GET /v1/api/portfolio/accounts
<- 200 GET /v1/api/portfolio/accounts
-> GET /v1/api/portfolio/accounts
<- 200 GET /v1/api/portfolio/accounts
-> request: /v1/api/tickle
-> GET /v1/api/tickle,200|358ms
-> request: /v1/api/tickle
-> GET /v1/api/tickle,200|371ms
-> GET /v1/api/portfolio/accounts
<- 200 GET /v1/api/portfolio/accounts
-> request: /v1/api/tickle
-> GET /v1/api/tickle,200|357ms
-> GET /v1/api/iserver/marketdata/history?conid=265598
<- 200 GET /v1/api/iserver/marketdata/history?conid=265598
-> request: /v1/api/tickle
-> GET /v1/api/tickle,200|404ms
-> request: /sso/ping
-> GET /sso/ping,200|356ms
-> request: /v1/api/tickle
-> GET /v1/api/tickle,200|415ms
-> GET /v1/api/portfolio/accounts
<- 200 GET /v1/api/portfolio/accounts
-> GET /v1/api/portfolio/accounts
<- 200 GET /v1/api/portfolio/accounts
-> GET /v1/api/portfolio/accounts
<- 200 GET /v1/api/portfolio/accounts
-> GET /v1/api/portfolio/accounts
<- 200 GET /v1/api/portfolio/accounts
-> GET /v1/api/portfolio/accounts
<- 200 GET /v1/api/portfolio/accounts
-> request: /v1/api/tickle
-> GET /v1/api/tickle,200|371ms
-> GET /v1/api/portfolio/accounts
<- 200 GET /v1/api/portfolio/accounts
-> GET /v1/api/portfolio/accounts
<- 200 GET /v1/api/portfolio/accounts
-> request: /v1/api/tickle
-> GET /v1/api/tickle,200|348ms
-> GET /v1/api/portfolio/accounts
<- 200 GET /v1/api/portfolio/accounts
-> request: /v1/api/tickle
-> GET /v1/api/tickle,200|357ms
-> GET /v1/api/portfolio/accounts
<- 200 GET /v1/api/portfolio/accounts
-> request: /v1/api/tickle
-> GET /v1/api/tickle,200|422ms
-> GET /v1/api/portfolio/accounts
<- 200 GET /v1/api/portfolio/accounts
-> request: /v1/api/tickle
-> GET /v1/api/tickle,200|355ms
-> request: /v1/api/tickle
-> GET /v1/api/tickle,200|440ms
-> request: /v1/api/tickle
-> GET /v1/api/tickle,200|382ms
-> request: /v1/api/tickle
-> GET /v1/api/tickle,200|386ms
-> request: /v1/api/tickle
-> GET /v1/api/tickle,200|418ms
-> request: /sso/ping
-> GET /sso/ping,200|364ms
-> request: /v1/api/tickle
-> GET /v1/api/tickle,200|368ms
-> GET /v1/api/portfolio/accounts
<- 200 GET /v1/api/portfolio/accounts
-> request: /v1/api/tickle
-> GET /v1/api/tickle,200|464ms
-> request: /v1/api/tickle
-> GET /v1/api/tickle,200|366ms
-> GET /v1/api/portfolio/accounts
<- 200 GET /v1/api/portfolio/accounts
-> GET /v1/api/portfolio/accounts
<- 200 GET /v1/api/portfolio/accounts
-> GET /v1/api/portfolio/accounts
<- 200 GET /v1/api/portfolio/accounts
-> GET /v1/api/portfolio/accounts
<- 200 GET /v1/api/portfolio/accounts
-> GET /v1/api/portfolio/accounts
<- 200 GET /v1/api/portfolio/accounts
-> request: /v1/api/tickle
-> GET /v1/api/tickle,200|355ms
-> GET /v1/api/portfolio/accounts
<- 200 GET /v1/api/portfolio/accounts
-> request: /v1/api/tickle
-> GET /v1/api/tickle,200|375ms
-> request: /v1/api/tickle
-> GET /v1/api/tickle,200|371ms
-> POST /sso/Dispatcher;jsessionid=3F3437595A0D7EDCE80565BE434FFE42.ny5wwwdam2-internet
<- 302 POST /sso/Dispatcher;jsessionid=3F3437595A0D7EDCE80565BE434FFE42.ny5wwwdam2-internet
-> request: /v1/api/sso/validate?gw=1
-> request: /AccountManagement/OneBarAuthentication?json=1
-> GET /v1/api/sso/validate?gw=1,200|373ms
-> request: /v1/api/one/user
-> request: /sso/AuthenticateSSODH?ACTION=INIT
-> sso GET https://api.ibkr.com/sso/AuthenticateSSODH?ACTION=INIT
-> GET /AccountManagement/OneBarAuthentication?json=1,404|512ms
-> GET /v1/api/one/user,200|486ms
-> request: /sso/AuthenticateSSODH?ACTION=COMPLETE&B=52a0fa277d1d84b86b049e32a79bdcc7c11f5660899e7509bf250da5e84cc0bf42fc14ec12358ca161cf3e5b7351864a514b99db2c61b8aae936d5a8e9ec8a0b&CHRESPONSE=14ac5f8d612a537cd8d04a0da187b1a504ca35fe
-> sso GET https://api.ibkr.com/sso/AuthenticateSSODH?ACTION=COMPLETE&B=52a0fa277d1d84b86b049e32a79bdcc7c11f5660899e7509bf250da5e84cc0bf42fc14ec12358ca161cf3e5b7351864a514b99db2c61b8aae936d5a8e9ec8a0b&CHRESPONSE=14ac5f8d612a537cd8d04a0da187b1a504ca35fe
-> GET /sso/Login?forwardTo=22&RL=1&ip2loc=US
<- 200 GET /sso/Login?forwardTo=22&RL=1&ip2loc=US
-> GET /sso/Templates/otp-responsive.css?1648449140915
-> GET /scripts/common/js/switchery/switchery.min.js
-> GET /scripts/common/js/switchery/switchery-init.js
-> GET /scripts/common/js/icheck-1.0.2/icheck.min.js
-> GET /scripts/common/js/icheck-1.0.2/icheck-init.js
-> GET /sso/CombineFiles
<- 200 GET /scripts/common/js/switchery/switchery-init.js
<- 200 GET /scripts/common/js/icheck-1.0.2/icheck.min.js
-> GET /scripts/common/js/jquery-3.4.1/jquery.min.js
-> GET /scripts/common/js/jquery-ui-1.12.1/jquery-ui.min.js
<- 200 GET /scripts/common/js/switchery/switchery.min.js
-> GET /scripts/common/js/bootstrap-4.3.1/bootstrap.bundle.min.js
<- 200 GET /scripts/common/js/jquery-3.4.1/jquery.min.js
<- 200 GET /scripts/common/js/jquery-ui-1.12.1/jquery-ui.min.js
-> GET /scripts/common/js/bootstrap-switch-3.3.2/bootstrap-switch.min.js
<- 200 GET /scripts/common/js/icheck-1.0.2/icheck-init.js
<- 200 GET /scripts/common/js/bootstrap-4.3.1/bootstrap.bundle.min.js
<- 200 GET /scripts/common/js/bootstrap-switch-3.3.2/bootstrap-switch.min.js
<- 200 GET /sso/Templates/otp-responsive.css?1648449140915
<- 200 GET /sso/CombineFiles
-> GET /sso/images/2fa.png
-> GET /images/2015/btn-app-apple.png
-> GET /images/2015/btn-app-google.png
-> GET /images/2015/btn-app-tws.png
-> GET /images/2015/button_discover_apis.png
<- 200 GET /images/2015/btn-app-apple.png
<- 200 GET /images/2015/button_discover_apis.png
<- 200 GET /images/2015/btn-app-tws.png
<- 200 GET /images/2015/btn-app-google.png
-> request: /v1/api/iserver/auth/status
<- 200 GET /sso/images/2fa.png
-> GET /v1/api/iserver/auth/status,200|359ms
-> request: /v1/api/iserver/accounts
-> GET /v1/api/iserver/accounts,200|352ms
-> POST /sso/Authenticator?93693
<- 200 POST /sso/Authenticator?93693
-> POST /sso/Authenticator?72565
<- 200 POST /sso/Authenticator?72565
-> POST /sso/Dispatcher
<- 302 POST /sso/Dispatcher
-> request: /v1/api/sso/validate?gw=1
-> request: /AccountManagement/OneBarAuthentication?json=1
-> GET /AccountManagement/OneBarAuthentication?json=1,404|358ms
-> GET /v1/api/sso/validate?gw=1,200|399ms
-> request: /v1/api/one/user
-> request: /sso/AuthenticateSSODH?ACTION=INIT
-> sso GET https://api.ibkr.com/sso/AuthenticateSSODH?ACTION=INIT
-> request: /sso/AuthenticateSSODH?ACTION=COMPLETE&B=3e75779c38d9387824c1db33489f4bbd6fcbf1e6fbd65f8e11151c2f8f196022bbbe246891cb3d93eec4e1763d36c07eb594186c64830c36fbec7c5eacf0e62c&CHRESPONSE=9ddf833f4a075628b5cfb09ee2c8d3c6c7ac6974
-> sso GET https://api.ibkr.com/sso/AuthenticateSSODH?ACTION=COMPLETE&B=3e75779c38d9387824c1db33489f4bbd6fcbf1e6fbd65f8e11151c2f8f196022bbbe246891cb3d93eec4e1763d36c07eb594186c64830c36fbec7c5eacf0e62c&CHRESPONSE=9ddf833f4a075628b5cfb09ee2c8d3c6c7ac6974
-> GET /v1/api/one/user,200|2062ms
-> request: /v1/api/tickle
-> request: /v1/api/iserver/auth/status
-> GET /v1/api/iserver/auth/status,200|354ms
-> request: /v1/api/iserver/auth/ssodh/init
-> GET /v1/api/tickle,200|359ms
-> POST https://api.ibkr.com/v1/api/iserver/auth/ssodh/init,503|10350ms
-> request: /v1/api/tickle
-> GET /v1/api/tickle,200|364ms
-> GET /v1/api/portfolio/accounts
<- 200 GET /v1/api/portfolio/accounts
-> GET /v1/api/portfolio/accounts
<- 200 GET /v1/api/portfolio/accounts
-> GET /v1/api/portfolio/accounts
<- 200 GET /v1/api/portfolio/accounts
-> request: /v1/api/tickle
-> GET /v1/api/tickle,200|360ms
-> request: /v1/api/tickle
-> GET /v1/api/tickle,200|429ms
-> request: /v1/api/tickle
-> GET /v1/api/tickle,200|364ms
-> GET /v1/api/portfolio/accounts
<- 200 GET /v1/api/portfolio/accounts
-> request: /v1/api/tickle
-> GET /v1/api/tickle,200|372ms
-> GET /v1/api/portfolio/accounts
<- 200 GET /v1/api/portfolio/accounts
-> request: /v1/api/tickle
-> GET /v1/api/tickle,200|372ms
-> request: /v1/api/tickle
-> GET /v1/api/tickle,200|386ms
-> request: /v1/api/tickle
-> GET /v1/api/tickle,200|419ms
-> request: /v1/api/tickle
-> GET /v1/api/tickle,200|422ms
-> request: /sso/ping
-> GET /sso/ping,200|398ms
-> request: /v1/api/tickle
-> GET /v1/api/tickle,200|857ms
-> request: /v1/api/tickle
-> GET /v1/api/tickle,200|405ms
-> request: /v1/api/tickle
-> GET /v1/api/tickle,200|485ms
-> request: /v1/api/tickle
-> GET /v1/api/tickle,200|404ms
-> request: /v1/api/tickle
-> GET /v1/api/tickle,200|430ms
-> request: /v1/api/tickle
-> GET /v1/api/tickle,200|354ms
-> request: /v1/api/tickle
-> GET /v1/api/tickle,200|420ms
-> request: /v1/api/tickle
-> GET /v1/api/tickle,200|359ms
-> request: /v1/api/tickle
-> GET /v1/api/tickle,200|429ms
-> request: /v1/api/tickle
-> GET /v1/api/tickle,200|368ms
-> request: /sso/ping
-> GET /sso/ping,200|397ms
-> request: /v1/api/tickle
-> GET /v1/api/tickle,200|355ms
-> GET /v1/api/portfolio/accounts
<- 200 GET /v1/api/portfolio/accounts
-> GET /v1/api/portfolio/accounts
<- 200 GET /v1/api/portfolio/accounts
-> request: /v1/api/tickle
-> GET /v1/api/tickle,200|369ms
-> GET /v1/api/portfolio/accounts
<- 200 GET /v1/api/portfolio/accounts
-> request: /v1/api/tickle
-> GET /v1/api/tickle,200|638ms
-> request: /v1/api/tickle
-> GET /v1/api/tickle,200|368ms
-> GET /v1/api/portfolio/accounts
<- 200 GET /v1/api/portfolio/accounts
-> GET /v1/api/portfolio/accounts
<- 200 GET /v1/api/portfolio/accounts
-> request: /v1/api/tickle
-> GET /v1/api/tickle,200|358ms
-> GET /v1/api/portfolio/accounts
<- 200 GET /v1/api/portfolio/accounts
-> request: /v1/api/tickle
-> GET /v1/api/tickle,200|363ms
-> GET /v1/api/portfolio/accounts
<- 200 GET /v1/api/portfolio/accounts
-> request: /v1/api/tickle
-> GET /v1/api/tickle,200|419ms
-> GET /v1/api/portfolio/accounts
<- 200 GET /v1/api/portfolio/accounts
-> request: /v1/api/tickle
-> GET /v1/api/tickle,200|374ms
-> request: /v1/api/tickle
-> GET /v1/api/tickle,200|381ms
-> GET /v1/api/portfolio/accounts
<- 200 GET /v1/api/portfolio/accounts
-> request: /v1/api/tickle
-> GET /v1/api/tickle,200|357ms
-> request: /sso/ping
-> GET /sso/ping,200|357ms
-> request: /v1/api/tickle
-> GET /v1/api/tickle,200|346ms
-> request: /v1/api/tickle
-> GET /v1/api/tickle,200|495ms
-> request: /v1/api/tickle
-> GET /v1/api/tickle,200|356ms
-> request: /v1/api/tickle
-> GET /v1/api/tickle,200|431ms
-> GET /v1/api/portfolio/accounts
<- 200 GET /v1/api/portfolio/accounts
-> request: /v1/api/tickle
-> GET /v1/api/tickle,200|390ms
-> request: /v1/api/tickle
-> GET /v1/api/tickle,200|361ms
-> request: /v1/api/tickle
-> GET /v1/api/tickle,200|473ms
-> GET /v1/api/portfolio/accounts
<- 200 GET /v1/api/portfolio/accounts
-> GET /v1/api/portfolio/accounts
<- 200 GET /v1/api/portfolio/accounts
-> GET /v1/api/portfolio/accounts
<- 200 GET /v1/api/portfolio/accounts
-> GET /v1/api/portfolio/accounts
<- 200 GET /v1/api/portfolio/accounts
-> request: /v1/api/tickle
-> GET /v1/api/tickle,200|354ms
-> GET /v1/api/portfolio/accounts
<- 200 GET /v1/api/portfolio/accounts
-> GET /v1/api/portfolio/accounts
<- 200 GET /v1/api/portfolio/accounts
-> request: /v1/api/tickle
-> GET /v1/api/tickle,200|420ms
-> GET /v1/api/portfolio/accounts
<- 200 GET /v1/api/portfolio/accounts
-> GET /v1/api/portfolio/accounts
<- 200 GET /v1/api/portfolio/accounts
-> request: /v1/api/tickle
-> GET /v1/api/tickle,200|350ms
-> GET /v1/api/portfolio/accounts
<- 200 GET /v1/api/portfolio/accounts
-> GET /v1/api/portfolio/accounts
<- 200 GET /v1/api/portfolio/accounts
-> GET /v1/api/portfolio/accounts
<- 200 GET /v1/api/portfolio/accounts
-> request: /sso/ping
-> GET /sso/ping,200|358ms
-> request: /v1/api/tickle
-> GET /v1/api/tickle,200|441ms
-> request: /v1/api/tickle
-> GET /v1/api/tickle,200|358ms
-> request: /v1/api/tickle
-> GET /v1/api/tickle,200|413ms
-> request: /v1/api/tickle
-> GET /v1/api/tickle,200|361ms
-> GET /v1/api/portfolio/accounts
<- 200 GET /v1/api/portfolio/accounts
-> GET /v1/api/portfolio/accounts
<- 200 GET /v1/api/portfolio/accounts
-> GET /v1/api/portfolio/accounts
<- 200 GET /v1/api/portfolio/accounts
-> GET /v1/api/portfolio/accounts
<- 200 GET /v1/api/portfolio/accounts
-> GET /v1/api/portfolio/accounts
<- 200 GET /v1/api/portfolio/accounts
-> request: /v1/api/tickle
-> GET /v1/api/tickle,200|357ms
-> request: /v1/api/tickle
-> GET /v1/api/tickle,200|373ms
-> request: /v1/api/tickle
-> GET /v1/api/tickle,200|358ms
-> GET /v1/api/portfolio/accounts
<- 200 GET /v1/api/portfolio/accounts
-> GET /v1/api/portfolio/accounts
<- 200 GET /v1/api/portfolio/accounts
-> request: /v1/api/tickle
-> GET /v1/api/tickle,200|359ms
-> request: /v1/api/tickle
-> GET /v1/api/tickle,200|393ms
-> request: /v1/api/tickle
-> GET /v1/api/tickle,200|428ms
-> request: /sso/ping
-> GET /sso/ping,200|365ms
-> request: /v1/api/tickle
-> GET /v1/api/tickle,200|408ms
-> GET /v1/api/portfolio/accounts
<- 200 GET /v1/api/portfolio/accounts
-> GET /v1/api/portfolio/accounts
<- 200 GET /v1/api/portfolio/accounts
-> request: /v1/api/tickle
-> GET /v1/api/tickle,200|359ms
-> GET /v1/api/portfolio/accounts
<- 200 GET /v1/api/portfolio/accounts
-> GET /v1/api/portfolio/accounts
<- 200 GET /v1/api/portfolio/accounts
-> request: /v1/api/tickle
-> GET /v1/api/tickle,200|374ms
-> GET /v1/api/portfolio/accounts
<- 200 GET /v1/api/portfolio/accounts
-> GET /v1/api/portfolio/accounts
<- 200 GET /v1/api/portfolio/accounts
-> GET /v1/api/portfolio/accounts
<- 200 GET /v1/api/portfolio/accounts
-> GET /v1/api/portfolio/accounts
<- 200 GET /v1/api/portfolio/accounts
-> request: /v1/api/tickle
-> GET /v1/api/tickle,200|365ms
-> GET /v1/api/portfolio/accounts
<- 200 GET /v1/api/portfolio/accounts
-> GET /v1/api/portfolio/accounts
<- 200 GET /v1/api/portfolio/accounts
-> request: /v1/api/tickle
-> GET /v1/api/tickle,200|421ms
-> request: /v1/api/tickle
-> GET /v1/api/tickle,200|361ms
-> request: /v1/api/tickle
-> GET /v1/api/tickle,200|433ms
-> request: /v1/api/tickle
-> GET /v1/api/tickle,200|346ms
-> GET /v1/api/portfolio/accounts
<- 200 GET /v1/api/portfolio/accounts
-> GET /v1/api/portfolio/accounts
<- 200 GET /v1/api/portfolio/accounts
-> request: /v1/api/tickle
-> GET /v1/api/portfolio/accounts
-> GET /v1/api/tickle,200|450ms
<- 200 GET /v1/api/portfolio/accounts
-> GET /v1/api/portfolio/accounts
<- 200 GET /v1/api/portfolio/accounts
-> request: /v1/api/tickle
-> GET /v1/api/tickle,200|355ms
-> GET /v1/api/portfolio/accounts
<- 200 GET /v1/api/portfolio/accounts
-> request: /sso/ping
-> GET /sso/ping,200|356ms
-> GET /v1/api/portfolio/accounts
<- 200 GET /v1/api/portfolio/accounts
-> request: /v1/api/tickle
-> GET /v1/api/tickle,200|345ms
-> request: /v1/api/tickle
-> GET /v1/api/tickle,200|430ms
-> request: /v1/api/tickle
-> GET /v1/api/tickle,200|420ms
-> request: /v1/api/tickle
-> GET /v1/api/tickle,200|409ms
-> GET /v1/api/portfolio/accounts
<- 200 GET /v1/api/portfolio/accounts
-> GET /v1/api/portfolio/accounts
<- 200 GET /v1/api/portfolio/accounts
-> request: /v1/api/tickle
-> GET /v1/api/tickle,200|424ms
-> request: /v1/api/tickle
-> GET /v1/api/tickle,200|408ms
-> request: /v1/api/tickle
-> GET /v1/api/tickle,200|430ms
-> request: /v1/api/tickle
-> GET /v1/api/tickle,200|430ms
-> request: /v1/api/tickle
-> GET /v1/api/tickle,200|419ms
-> request: /v1/api/tickle
-> GET /v1/api/tickle,200|13187ms
-> request: /sso/ping
-> GET /sso/ping,200|352ms
-> request: /v1/api/tickle
-> GET /v1/api/tickle,200|368ms
-> GET /v1/api/md/snapshot?conids=265598
<- 500 GET /v1/api/md/snapshot?conids=265598
-> POST /v1/api/tickle
<- 200 POST /v1/api/tickle
-> request: /v1/api/tickle
-> GET /v1/api/tickle
-> GET /v1/api/tickle,200|360ms
<- 200 GET /v1/api/tickle
-> GET /v1/api/tickle
<- 200 GET /v1/api/tickle
-> GET /v1/api/tickle
<- 200 GET /v1/api/tickle
-> GET /v1/api/tickle
<- 200 GET /v1/api/tickle
-> request: /v1/api/tickle
-> GET /v1/api/tickle,200|353ms
-> request: /v1/api/tickle
-> GET /v1/api/tickle,200|379ms
-> request: /v1/api/tickle
-> GET /v1/api/tickle,200|415ms
-> request: /v1/api/tickle
-> GET /v1/api/tickle,200|353ms
-> request: /v1/api/tickle
-> GET /v1/api/tickle,200|426ms
-> request: /v1/api/tickle
-> GET /v1/api/tickle,200|356ms
-> GET /v1/api/portfolio/accounts
<- 200 GET /v1/api/portfolio/accounts
-> GET /v1/api/portfolio/accounts
<- 200 GET /v1/api/portfolio/accounts
-> request: /v1/api/tickle
-> GET /v1/api/tickle,200|465ms
-> GET /sso/Login?forwardTo=22&RL=1&ip2loc=US
<- 200 GET /sso/Login?forwardTo=22&RL=1&ip2loc=US
-> GET /sso/Templates/otp-responsive.css?1648451750031
-> GET /scripts/common/js/switchery/switchery.min.js
-> GET /scripts/common/js/switchery/switchery-init.js
-> GET /scripts/common/js/icheck-1.0.2/icheck.min.js
-> GET /scripts/common/js/icheck-1.0.2/icheck-init.js
-> GET /sso/CombineFiles
<- 200 GET /scripts/common/js/icheck-1.0.2/icheck-init.js
-> GET /scripts/common/js/jquery-3.4.1/jquery.min.js
<- 200 GET /scripts/common/js/icheck-1.0.2/icheck.min.js
-> GET /scripts/common/js/jquery-ui-1.12.1/jquery-ui.min.js
<- 200 GET /scripts/common/js/switchery/switchery-init.js
-> GET /scripts/common/js/bootstrap-4.3.1/bootstrap.bundle.min.js
<- 200 GET /scripts/common/js/switchery/switchery.min.js
-> GET /scripts/common/js/bootstrap-switch-3.3.2/bootstrap-switch.min.js
<- 200 GET /scripts/common/js/jquery-3.4.1/jquery.min.js
<- 200 GET /scripts/common/js/jquery-ui-1.12.1/jquery-ui.min.js
<- 200 GET /scripts/common/js/bootstrap-4.3.1/bootstrap.bundle.min.js
<- 200 GET /sso/Templates/otp-responsive.css?1648451750031
<- 200 GET /scripts/common/js/bootstrap-switch-3.3.2/bootstrap-switch.min.js
<- 200 GET /sso/CombineFiles
-> GET /sso/images/2fa.png
<- 200 GET /sso/images/2fa.png
-> GET /images/2015/btn-app-apple.png
<- 200 GET /images/2015/btn-app-apple.png
-> GET /images/2015/btn-app-google.png
<- 200 GET /images/2015/btn-app-google.png
-> GET /images/2015/btn-app-tws.png
<- 200 GET /images/2015/btn-app-tws.png
-> GET /images/2015/button_discover_apis.png
<- 200 GET /images/2015/button_discover_apis.png
-> GET /v1/api/portfolio/accounts
<- 401 GET /v1/api/portfolio/accounts
-> GET /v1/api/portfolio/accounts
<- 401 GET /v1/api/portfolio/accounts
-> GET /v1/api/trsrv/stocks?symbols=AMD
<- 401 GET /v1/api/trsrv/stocks?symbols=AMD
-> POST /sso/Authenticator;jsessionid=C01F6FFA7F6E4C94522749C33B465B4A.ny5wwwdam1-internet?22803
<- 200 POST /sso/Authenticator;jsessionid=C01F6FFA7F6E4C94522749C33B465B4A.ny5wwwdam1-internet?22803
-> POST /sso/Authenticator;jsessionid=C01F6FFA7F6E4C94522749C33B465B4A.ny5wwwdam1-internet?77039
<- 200 POST /sso/Authenticator;jsessionid=C01F6FFA7F6E4C94522749C33B465B4A.ny5wwwdam1-internet?77039
-> POST /sso/Dispatcher;jsessionid=C01F6FFA7F6E4C94522749C33B465B4A.ny5wwwdam1-internet
<- 302 POST /sso/Dispatcher;jsessionid=C01F6FFA7F6E4C94522749C33B465B4A.ny5wwwdam1-internet
-> request: /v1/api/sso/validate?gw=1
-> request: /AccountManagement/OneBarAuthentication?json=1
-> GET /AccountManagement/OneBarAuthentication?json=1,404|362ms
-> GET /v1/api/sso/validate?gw=1,200|397ms
-> request: /v1/api/one/user
-> request: /sso/AuthenticateSSODH?ACTION=INIT
-> sso GET https://api.ibkr.com/sso/AuthenticateSSODH?ACTION=INIT
-> GET /v1/api/one/user,200|374ms
-> request: /sso/AuthenticateSSODH?ACTION=COMPLETE&B=1bbe77c477b75b8ca5bb2be26301a2c6612c0c46bdd77c008b975aab2922fd83a1d33fa98a6500a4052dd419b4cb078e9e1e0b98009b8a26df00c102dbb8c485&CHRESPONSE=b710bf0ff93d0c568b8dd3d7f449b26c7aed0f5c
-> sso GET https://api.ibkr.com/sso/AuthenticateSSODH?ACTION=COMPLETE&B=1bbe77c477b75b8ca5bb2be26301a2c6612c0c46bdd77c008b975aab2922fd83a1d33fa98a6500a4052dd419b4cb078e9e1e0b98009b8a26df00c102dbb8c485&CHRESPONSE=b710bf0ff93d0c568b8dd3d7f449b26c7aed0f5c
-> request: /v1/api/iserver/auth/status
-> GET /v1/api/iserver/auth/status,200|342ms
-> request: /v1/api/iserver/auth/ssodh/init
-> POST https://api.ibkr.com/v1/api/iserver/auth/ssodh/init,200|356ms
-> request: /v1/api/iserver/accounts
-> GET /v1/api/iserver/accounts,200|355ms
-> GET /v1/api/trsrv/stocks?symbols=AMD
<- 200 GET /v1/api/trsrv/stocks?symbols=AMD
-> request: /v1/api/tickle
-> GET /v1/api/tickle,200|357ms
-> request: /v1/api/tickle
-> GET /v1/api/tickle,200|401ms
-> request: /v1/api/tickle
-> GET /v1/api/tickle,200|344ms
-> request: /v1/api/tickle
-> GET /v1/api/tickle,200|409ms
-> request: /v1/api/tickle
-> GET /v1/api/tickle,200|340ms
-> request: /v1/api/tickle
-> GET /v1/api/tickle,200|433ms
-> request: /v1/api/tickle
-> GET /v1/api/tickle,200|349ms
-> request: /v1/api/tickle
-> GET /v1/api/tickle,200|420ms
-> request: /v1/api/tickle
-> GET /v1/api/tickle,200|339ms
-> request: /sso/ping
-> GET /sso/ping,200|336ms
-> request: /v1/api/tickle
-> GET /v1/api/tickle,200|411ms
-> request: /v1/api/tickle
-> GET /v1/api/tickle,200|357ms
-> request: /v1/api/tickle
-> GET /v1/api/tickle,200|409ms
-> request: /v1/api/tickle
-> GET /v1/api/tickle,200|343ms
-> request: /v1/api/tickle
-> GET /v1/api/tickle,200|420ms
-> request: /v1/api/tickle
-> GET /v1/api/tickle,200|352ms
-> request: /v1/api/tickle
-> GET /v1/api/tickle,200|440ms
-> request: /v1/api/tickle
-> GET /v1/api/tickle,200|344ms
-> request: /v1/api/tickle
-> GET /v1/api/tickle,200|410ms
-> request: /v1/api/tickle
-> GET /v1/api/tickle,200|362ms
-> request: /sso/ping
-> GET /sso/ping,200|352ms
-> request: /v1/api/tickle
-> GET /v1/api/tickle,200|414ms
-> request: /v1/api/tickle
-> GET /v1/api/tickle,200|341ms
-> request: /v1/api/tickle
-> GET /v1/api/tickle,200|423ms
-> request: /v1/api/tickle
-> GET /v1/api/tickle,200|456ms
-> request: /v1/api/tickle
-> GET /v1/api/tickle,200|399ms
-> request: /v1/api/tickle
-> GET /v1/api/tickle,200|343ms
-> request: /v1/api/tickle
-> GET /v1/api/tickle,200|443ms
-> request: /v1/api/tickle
-> GET /v1/api/tickle,200|351ms
-> request: /v1/api/tickle
-> GET /v1/api/tickle,200|445ms
-> request: /v1/api/tickle
-> GET /v1/api/tickle,200|341ms
-> request: /sso/ping
-> GET /sso/ping,200|343ms
-> request: /v1/api/tickle
-> GET /v1/api/tickle,200|432ms
-> request: /v1/api/tickle
-> GET /v1/api/tickle,200|582ms
-> request: /v1/api/tickle
-> GET /v1/api/tickle,200|417ms
-> request: /v1/api/tickle
-> GET /v1/api/tickle,200|345ms
-> request: /v1/api/tickle
-> GET /v1/api/tickle,200|458ms
-> request: /v1/api/tickle
-> GET /v1/api/tickle,200|392ms
-> request: /v1/api/tickle
-> GET /v1/api/tickle,200|409ms
-> request: /v1/api/tickle
-> GET /v1/api/tickle,200|413ms
-> GET /v1/api/portfolio/accounts
<- 200 GET /v1/api/portfolio/accounts
-> request: /v1/api/tickle
-> GET /v1/api/tickle,200|419ms
-> request: /v1/api/tickle
-> GET /v1/api/tickle,200|371ms
-> request: /sso/ping
-> GET /sso/ping,200|334ms
-> request: /v1/api/tickle
-> GET /v1/api/tickle,200|423ms
-> request: /v1/api/tickle
-> GET /v1/api/tickle,200|345ms
-> request: /v1/api/tickle
-> GET /v1/api/tickle,200|697ms
-> request: /v1/api/tickle
-> GET /v1/api/tickle,200|347ms
-> request: /v1/api/tickle
-> GET /v1/api/tickle,200|410ms
-> request: /v1/api/tickle
-> GET /v1/api/tickle,200|506ms
-> request: /v1/api/tickle
-> GET /v1/api/tickle,200|424ms
-> request: /v1/api/tickle
-> GET /v1/api/tickle,200|350ms
-> request: /v1/api/tickle
-> GET /v1/api/tickle,200|414ms
-> request: /v1/api/tickle
-> GET /v1/api/tickle,200|334ms
-> request: /sso/ping
-> GET /sso/ping,200|331ms
-> request: /v1/api/tickle
-> GET /v1/api/tickle,200|412ms
-> request: /v1/api/tickle
-> GET /v1/api/tickle,200|348ms
-> request: /v1/api/tickle
-> GET /v1/api/tickle,200|420ms
-> request: /v1/api/tickle
-> GET /v1/api/tickle,200|348ms
-> request: /v1/api/tickle
-> GET /v1/api/tickle,200|416ms
-> request: /v1/api/tickle
-> GET /v1/api/tickle,200|414ms
-> request: /v1/api/tickle
-> GET /v1/api/tickle,200|404ms
-> GET /v1/api/portfolio/accounts
<- 200 GET /v1/api/portfolio/accounts
-> request: /v1/api/tickle
-> GET /v1/api/tickle,200|346ms
-> GET /v1/api/portfolio/accounts
<- 200 GET /v1/api/portfolio/accounts
-> GET /v1/api/portfolio/accounts
<- 200 GET /v1/api/portfolio/accounts
-> request: /v1/api/tickle
-> GET /v1/api/tickle,200|414ms
-> request: /v1/api/tickle
-> GET /v1/api/tickle,200|346ms
-> request: /sso/ping
-> GET /sso/ping,200|331ms
-> request: /v1/api/tickle
-> GET /v1/api/tickle,200|431ms
-> request: /v1/api/tickle
-> GET /v1/api/tickle,200|342ms
-> request: /v1/api/tickle
-> GET /v1/api/tickle,200|416ms
-> request: /v1/api/tickle
-> GET /v1/api/tickle,200|367ms
-> request: /v1/api/tickle
-> GET /v1/api/tickle,200|416ms
-> request: /v1/api/tickle
-> GET /v1/api/tickle,200|349ms
-> request: /v1/api/tickle
-> GET /v1/api/tickle,200|438ms
-> request: /v1/api/tickle
-> GET /v1/api/tickle,200|336ms
-> request: /v1/api/tickle
-> GET /v1/api/tickle,200|435ms
-> request: /v1/api/tickle
-> GET /v1/api/tickle,200|345ms
-> request: /sso/ping
-> GET /sso/ping,200|342ms
-> request: /v1/api/tickle
-> GET /v1/api/tickle,200|401ms
-> request: /v1/api/tickle
-> GET /v1/api/tickle,200|348ms
-> request: /v1/api/tickle
-> GET /v1/api/tickle,200|415ms
-> request: /v1/api/tickle
-> GET /v1/api/tickle,200|345ms
-> request: /v1/api/tickle
-> GET /v1/api/tickle,200|409ms
-> request: /v1/api/tickle
-> GET /v1/api/tickle,200|378ms
-> request: /v1/api/tickle
-> GET /v1/api/tickle,200|431ms
-> request: /v1/api/tickle
-> GET /v1/api/tickle,200|358ms
-> request: /v1/api/tickle
-> GET /v1/api/tickle,200|430ms
-> request: /v1/api/tickle
-> GET /v1/api/tickle,200|377ms
-> request: /sso/ping
-> GET /sso/ping,200|354ms
-> request: /v1/api/tickle
-> GET /v1/api/tickle,200|425ms
-> request: /v1/api/tickle
-> GET /v1/api/tickle,200|342ms
-> request: /v1/api/tickle
-> GET /v1/api/tickle,200|413ms
-> request: /v1/api/tickle
-> GET /v1/api/tickle,200|345ms
-> request: /v1/api/tickle
-> GET /v1/api/tickle,200|467ms
-> request: /v1/api/tickle
-> GET /v1/api/tickle,200|339ms
-> request: /v1/api/tickle
-> GET /v1/api/tickle,200|426ms
-> request: /v1/api/tickle
-> GET /v1/api/tickle,200|355ms
-> request: /v1/api/tickle
-> GET /v1/api/tickle,200|422ms
-> request: /v1/api/tickle
-> GET /v1/api/tickle,200|347ms
-> request: /sso/ping
-> GET /sso/ping,200|338ms
-> request: /v1/api/tickle
-> GET /v1/api/tickle,200|415ms
-> request: /v1/api/tickle
-> GET /v1/api/tickle,200|339ms
-> request: /v1/api/tickle
-> GET /v1/api/tickle,200|414ms
-> request: /v1/api/tickle
-> GET /v1/api/tickle,200|350ms
-> request: /v1/api/tickle
-> GET /v1/api/tickle,200|420ms
-> request: /v1/api/tickle
-> GET /v1/api/tickle,200|339ms
-> request: /v1/api/tickle
-> GET /v1/api/tickle,200|411ms
-> request: /v1/api/tickle
-> GET /v1/api/tickle,200|345ms
-> request: /v1/api/tickle
-> GET /v1/api/tickle,200|420ms
-> request: /v1/api/tickle
-> GET /v1/api/tickle,200|334ms
-> request: /sso/ping
-> GET /sso/ping,200|345ms
-> request: /v1/api/tickle
-> GET /v1/api/tickle,200|419ms
-> request: /v1/api/tickle
-> GET /v1/api/tickle,200|379ms
-> request: /v1/api/tickle
-> GET /v1/api/tickle,200|418ms
-> request: /v1/api/tickle
-> GET /v1/api/tickle,200|343ms
-> request: /v1/api/tickle
-> GET /v1/api/tickle,200|419ms
-> request: /v1/api/tickle
-> GET /v1/api/tickle,504|5061ms
-> request: /v1/api/sso/validate?gw=1
-> request: /v1/api/sso/validate?gw=1
-> GET /v1/api/sso/validate?gw=1,200|417ms
-> request: /v1/api/one/user
-> request: /sso/AuthenticateSSODH?ACTION=INIT
-> sso GET https://api.ibkr.com/sso/AuthenticateSSODH?ACTION=INIT
-> GET /v1/api/sso/validate?gw=1,200|424ms
-> request: /v1/api/one/user
-> request: /sso/AuthenticateSSODH?ACTION=INIT
-> sso GET https://api.ibkr.com/sso/AuthenticateSSODH?ACTION=INIT
-> request: /sso/AuthenticateSSODH?ACTION=COMPLETE&B=4d4f60878d4d2ef6741760d1c558a750225bd8596c9050bfed71c342df9f7f6d4c8f56faae1dc0c1ebc7c147699ee6cba80e5d7133a8657651820d4d23f3900a&CHRESPONSE=4453c6440e7d001e302451aecbb4454da4a9fe05
-> sso GET https://api.ibkr.com/sso/AuthenticateSSODH?ACTION=COMPLETE&B=4d4f60878d4d2ef6741760d1c558a750225bd8596c9050bfed71c342df9f7f6d4c8f56faae1dc0c1ebc7c147699ee6cba80e5d7133a8657651820d4d23f3900a&CHRESPONSE=4453c6440e7d001e302451aecbb4454da4a9fe05
-> request: /sso/AuthenticateSSODH?ACTION=COMPLETE&B=79b6ac4e98739113fb15d88f4fd980df8973f2bc8fa88605af6d5bd071820623ffbcf37ea5035e2bbca0e5a7d8e13f21dd3e28143a11a64d0d3e5db7cb1f3fd4&CHRESPONSE=54687213111ac719a8840aff544c995afe77d248
-> sso GET https://api.ibkr.com/sso/AuthenticateSSODH?ACTION=COMPLETE&B=79b6ac4e98739113fb15d88f4fd980df8973f2bc8fa88605af6d5bd071820623ffbcf37ea5035e2bbca0e5a7d8e13f21dd3e28143a11a64d0d3e5db7cb1f3fd4&CHRESPONSE=54687213111ac719a8840aff544c995afe77d248
-> GET /v1/api/one/user,200|2061ms
-> GET /v1/api/one/user,200|2069ms
-> request: /v1/api/iserver/auth/status
-> request: /v1/api/iserver/auth/status
-> GET /v1/api/iserver/auth/status,200|338ms
-> request: /v1/api/iserver/accounts
-> GET /v1/api/iserver/auth/status,200|342ms
-> request: /v1/api/iserver/accounts
-> GET /v1/api/iserver/accounts,200|339ms
-> GET /v1/api/iserver/accounts,200|339ms
-> request: /v1/api/tickle
-> GET /v1/api/tickle,200|415ms
-> request: /v1/api/tickle
-> GET /v1/api/tickle,200|359ms
-> request: /v1/api/tickle
-> GET /v1/api/tickle,200|411ms
-> request: /v1/api/tickle
-> GET /v1/api/tickle,200|343ms
-> request: /v1/api/tickle
-> GET /v1/api/tickle,200|445ms
-> request: /v1/api/tickle
-> GET /v1/api/tickle,200|344ms
-> request: /v1/api/tickle
-> GET /v1/api/tickle,200|412ms
-> request: /v1/api/tickle
-> GET /v1/api/tickle,200|333ms
-> request: /v1/api/tickle
-> GET /v1/api/tickle,200|412ms
-> request: /sso/ping
-> GET /sso/ping,200|346ms
-> request: /v1/api/tickle
-> GET /v1/api/tickle,200|352ms
-> request: /v1/api/tickle
-> GET /v1/api/tickle,200|414ms
-> request: /v1/api/tickle
-> GET /v1/api/tickle,200|346ms
-> request: /v1/api/tickle
-> GET /v1/api/tickle,200|429ms
-> request: /v1/api/tickle
-> GET /v1/api/tickle,200|343ms
-> request: /v1/api/tickle
-> GET /v1/api/tickle,200|400ms
-> request: /v1/api/tickle
-> GET /v1/api/tickle,200|344ms
-> request: /v1/api/tickle
-> GET /v1/api/tickle,200|405ms
-> request: /v1/api/tickle
-> GET /v1/api/tickle,200|345ms
-> request: /v1/api/tickle
-> GET /v1/api/tickle,200|409ms
-> request: /sso/ping
-> GET /sso/ping,200|434ms
-> request: /v1/api/tickle
-> GET /v1/api/tickle,200|334ms
-> request: /v1/api/tickle
-> GET /v1/api/tickle,200|415ms
-> request: /v1/api/tickle
-> GET /v1/api/tickle,200|337ms
-> request: /v1/api/tickle
-> GET /v1/api/tickle,200|417ms
-> request: /v1/api/tickle
-> GET /v1/api/tickle,200|334ms
-> request: /v1/api/tickle
-> GET /v1/api/tickle,200|429ms
-> request: /v1/api/tickle
-> GET /v1/api/tickle,200|361ms
-> request: /v1/api/tickle
-> GET /v1/api/tickle,200|408ms
-> request: /v1/api/tickle
-> GET /v1/api/tickle,200|341ms
-> request: /v1/api/tickle
-> GET /v1/api/tickle,200|413ms
-> request: /sso/ping
-> GET /sso/ping,200|346ms
-> request: /v1/api/tickle
-> GET /v1/api/tickle,200|349ms
-> request: /v1/api/tickle
-> GET /v1/api/tickle,200|447ms
-> request: /v1/api/tickle
-> GET /v1/api/tickle,200|328ms
-> request: /v1/api/tickle
-> GET /v1/api/tickle,200|417ms
-> request: /v1/api/tickle
-> GET /v1/api/tickle,200|374ms
-> request: /v1/api/tickle
-> GET /v1/api/tickle,200|412ms
-> request: /v1/api/tickle
-> GET /v1/api/tickle,200|347ms
-> request: /v1/api/tickle
-> GET /v1/api/tickle,200|449ms
-> request: /v1/api/tickle
-> GET /v1/api/tickle,200|330ms
-> request: /v1/api/tickle
-> GET /v1/api/tickle,200|420ms
-> request: /sso/ping
-> GET /sso/ping,200|368ms
-> request: /v1/api/tickle
-> GET /v1/api/tickle,200|365ms
-> request: /v1/api/tickle
-> GET /v1/api/tickle,200|404ms
-> request: /v1/api/tickle
-> GET /v1/api/tickle,200|347ms
-> request: /v1/api/tickle
-> GET /v1/api/tickle,200|413ms
-> request: /v1/api/tickle
-> GET /v1/api/tickle,200|336ms
-> request: /v1/api/tickle
-> GET /v1/api/tickle,200|445ms
-> request: /v1/api/tickle
-> GET /v1/api/tickle,200|351ms
-> request: /v1/api/tickle
-> GET /v1/api/tickle,200|522ms
-> request: /v1/api/tickle
-> GET /v1/api/tickle,200|372ms
-> GET /v1/api/portfolio/accounts
<- 200 GET /v1/api/portfolio/accounts
-> request: /v1/api/tickle
-> GET /v1/api/tickle,200|427ms
-> GET /v1/api/portfolio/accounts
<- 200 GET /v1/api/portfolio/accounts
-> request: /sso/ping
-> GET /sso/ping,200|598ms
-> request: /v1/api/tickle
-> GET /v1/api/tickle,200|348ms
-> request: /v1/api/tickle
-> GET /v1/api/tickle,200|413ms
-> request: /v1/api/tickle
-> GET /v1/api/tickle,200|357ms
-> request: /v1/api/tickle
-> GET /v1/api/tickle,200|441ms
-> request: /v1/api/tickle
-> GET /v1/api/tickle,200|359ms
-> request: /v1/api/tickle
-> GET /v1/api/tickle,200|422ms
-> request: /v1/api/tickle
-> GET /v1/api/tickle,200|447ms
-> request: /v1/api/tickle
-> GET /v1/api/tickle,200|433ms
-> GET /v1/api/portfolio/accounts
<- 200 GET /v1/api/portfolio/accounts
-> GET /v1/api/portfolio/accounts
<- 200 GET /v1/api/portfolio/accounts
-> GET /v1/api/portfolio/accounts
<- 200 GET /v1/api/portfolio/accounts
-> request: /v1/api/tickle
-> GET /v1/api/tickle,200|362ms
-> request: /v1/api/tickle
-> GET /v1/api/tickle,200|435ms
-> request: /sso/ping
-> GET /sso/ping,200|371ms
-> request: /v1/api/tickle
-> GET /v1/api/tickle,200|358ms
-> request: /v1/api/tickle
-> GET /v1/api/tickle,200|430ms
-> request: /v1/api/tickle
-> GET /v1/api/tickle,200|346ms
-> request: /v1/api/tickle
-> GET /v1/api/tickle,200|409ms
-> request: /v1/api/tickle
-> GET /v1/api/tickle,200|367ms
-> request: /v1/api/tickle
-> GET /v1/api/tickle,200|412ms
-> request: /v1/api/tickle
-> GET /v1/api/tickle,200|345ms
-> request: /v1/api/tickle
-> GET /v1/api/tickle,200|427ms
-> request: /v1/api/tickle
-> GET /v1/api/tickle,200|341ms
-> request: /v1/api/tickle
-> GET /v1/api/tickle,200|435ms
-> request: /sso/ping
-> GET /sso/ping,200|352ms
-> request: /v1/api/tickle
-> GET /v1/api/tickle,200|364ms
-> request: /v1/api/tickle
-> GET /v1/api/tickle,200|410ms
-> request: /v1/api/tickle
-> GET /v1/api/tickle,200|378ms
-> request: /v1/api/tickle
-> GET /v1/api/tickle,200|436ms
-> request: /v1/api/tickle
-> GET /v1/api/tickle,200|344ms
-> request: /v1/api/tickle
-> GET /v1/api/tickle,200|416ms
-> request: /v1/api/tickle
-> GET /v1/api/tickle,200|336ms
-> request: /v1/api/tickle
-> GET /v1/api/tickle,200|468ms
-> request: /v1/api/tickle
-> GET /v1/api/tickle,200|361ms
-> request: /v1/api/tickle
-> GET /v1/api/tickle,200|438ms
-> request: /sso/ping
-> GET /sso/ping,200|350ms
-> request: /v1/api/tickle
-> GET /v1/api/tickle,200|335ms
-> request: /v1/api/tickle
-> GET /v1/api/tickle,200|414ms
-> request: /v1/api/tickle
-> GET /v1/api/tickle,200|364ms
-> request: /v1/api/tickle
-> GET /v1/api/tickle,200|428ms
-> request: /v1/api/tickle
-> GET /v1/api/tickle,200|365ms
-> request: /v1/api/tickle
-> GET /v1/api/tickle,200|403ms
-> request: /v1/api/tickle
-> GET /v1/api/tickle,200|346ms
-> request: /v1/api/tickle
-> GET /v1/api/tickle,200|444ms
-> request: /v1/api/tickle
-> GET /v1/api/tickle,200|349ms
-> request: /v1/api/tickle
-> GET /v1/api/tickle,200|426ms
-> request: /sso/ping
-> GET /sso/ping,200|363ms
-> request: /v1/api/tickle
-> GET /v1/api/tickle,200|388ms
-> request: /v1/api/tickle
-> GET /v1/api/tickle,200|455ms
-> request: /v1/api/tickle
-> GET /v1/api/tickle,200|333ms
-> request: /v1/api/tickle
-> GET /v1/api/tickle,200|412ms
-> request: /v1/api/tickle
-> GET /v1/api/tickle,200|345ms
-> request: /v1/api/tickle
-> GET /v1/api/tickle,200|452ms
-> request: /v1/api/tickle
-> GET /v1/api/tickle,200|361ms
-> request: /v1/api/tickle
-> GET /v1/api/tickle,200|418ms
-> request: /v1/api/tickle
-> GET /v1/api/tickle,200|342ms
-> request: /v1/api/tickle
-> GET /v1/api/tickle,200|530ms
-> request: /sso/ping
-> GET /sso/ping,200|349ms
-> request: /v1/api/tickle
-> GET /v1/api/tickle,200|389ms
-> request: /v1/api/tickle
-> GET /v1/api/tickle,200|406ms
-> request: /v1/api/tickle
-> GET /v1/api/tickle,200|338ms
-> request: /v1/api/tickle
-> GET /v1/api/tickle,200|417ms
-> request: /v1/api/tickle
-> GET /v1/api/tickle,200|342ms
-> request: /v1/api/tickle
-> GET /v1/api/tickle,200|440ms
-> request: /v1/api/tickle
-> GET /v1/api/tickle,200|365ms
-> request: /v1/api/tickle
-> GET /v1/api/tickle,200|400ms
-> request: /v1/api/tickle
-> GET /v1/api/tickle,200|339ms
-> request: /v1/api/tickle
-> GET /v1/api/tickle,200|434ms
-> request: /sso/ping
-> GET /sso/ping,200|348ms
-> request: /v1/api/tickle
-> GET /v1/api/tickle,200|369ms
-> request: /v1/api/tickle
-> GET /v1/api/tickle,200|419ms
-> request: /v1/api/tickle
-> GET /v1/api/tickle,200|335ms
-> request: /v1/api/tickle
-> GET /v1/api/tickle,200|417ms
-> request: /v1/api/tickle
-> GET /v1/api/tickle,200|362ms
-> request: /v1/api/tickle
-> GET /v1/api/tickle,200|439ms
-> request: /v1/api/tickle
-> GET /v1/api/tickle,200|336ms
-> request: /v1/api/tickle
-> GET /v1/api/tickle,200|428ms
-> request: /v1/api/tickle
-> GET /v1/api/tickle,200|357ms
-> request: /v1/api/tickle
-> GET /v1/api/tickle,200|427ms
-> request: /sso/ping
-> GET /sso/ping,200|417ms
-> request: /v1/api/tickle
-> GET /v1/api/tickle,200|347ms
-> request: /v1/api/tickle
-> GET /v1/api/tickle,200|474ms
-> request: /v1/api/tickle
-> GET /v1/api/tickle,200|329ms
-> request: /v1/api/tickle
-> GET /v1/api/tickle,200|472ms
-> request: /v1/api/tickle
-> GET /v1/api/tickle,200|364ms
-> request: /v1/api/tickle
-> GET /v1/api/tickle,200|441ms
-> request: /v1/api/tickle
-> GET /v1/api/tickle,200|346ms
-> request: /v1/api/tickle
-> GET /v1/api/tickle,200|404ms
-> request: /v1/api/tickle
-> GET /v1/api/tickle,200|349ms
-> request: /v1/api/tickle
-> GET /v1/api/tickle,200|403ms
-> request: /sso/ping
-> GET /sso/ping,200|340ms
-> request: /v1/api/tickle
-> GET /v1/api/tickle,200|366ms
-> request: /v1/api/tickle
-> GET /v1/api/tickle,200|421ms
-> request: /v1/api/tickle
-> GET /v1/api/tickle,200|358ms
-> request: /v1/api/tickle
-> GET /v1/api/tickle,200|417ms
-> request: /v1/api/tickle
-> GET /v1/api/tickle,200|352ms
-> request: /v1/api/tickle
-> GET /v1/api/tickle,200|416ms
-> request: /v1/api/tickle
-> GET /v1/api/tickle,200|409ms
-> request: /v1/api/tickle
-> GET /v1/api/tickle,200|426ms
-> request: /v1/api/tickle
-> GET /v1/api/tickle,200|334ms
-> request: /v1/api/tickle
-> GET /v1/api/tickle,200|431ms
-> request: /sso/ping
-> GET /sso/ping,200|354ms
-> request: /v1/api/tickle
-> GET /v1/api/tickle,200|353ms
-> request: /v1/api/tickle
-> GET /v1/api/tickle,200|422ms
-> request: /v1/api/tickle
-> GET /v1/api/tickle,200|343ms
-> request: /v1/api/tickle
-> GET /v1/api/tickle,200|450ms
-> request: /v1/api/tickle
-> GET /v1/api/tickle,200|340ms
-> request: /v1/api/tickle
-> GET /v1/api/tickle,200|485ms
-> request: /v1/api/tickle
-> GET /v1/api/tickle,200|386ms
-> request: /v1/api/tickle
-> GET /v1/api/tickle,200|436ms
-> request: /v1/api/tickle
-> GET /v1/api/tickle,200|347ms
-> request: /v1/api/tickle
-> GET /v1/api/tickle,200|428ms
-> request: /sso/ping
-> GET /sso/ping,503|91ms
-> request: /v1/api/tickle
-> GET /v1/api/tickle,503|106ms
-> request: /v1/api/sso/validate?gw=1
-> request: /v1/api/sso/validate?gw=1
-> GET /v1/api/sso/validate?gw=1,503|91ms
-> GET /v1/api/sso/validate?gw=1,200|350ms
-> request: /v1/api/one/user
-> request: /sso/AuthenticateSSODH?ACTION=INIT
-> sso GET https://api.ibkr.com/sso/AuthenticateSSODH?ACTION=INIT
-> GET /v1/api/one/user,503|91ms
-> request: /sso/AuthenticateSSODH?ACTION=COMPLETE&B=4dd27080cb7a7d8bfa22ff781f581508fec4e131eeac4ffb730dda2d876b35f205798f2e1bece8c9e693ab634008742b6cc00a0f1482bbda1544a8a014586a1f&CHRESPONSE=c0bac0703ecfe77e39a0b16dacbf11a1d531a5c3
-> sso GET https://api.ibkr.com/sso/AuthenticateSSODH?ACTION=COMPLETE&B=4dd27080cb7a7d8bfa22ff781f581508fec4e131eeac4ffb730dda2d876b35f205798f2e1bece8c9e693ab634008742b6cc00a0f1482bbda1544a8a014586a1f&CHRESPONSE=c0bac0703ecfe77e39a0b16dacbf11a1d531a5c3
-> request: /v1/api/sso/validate?gw=1
-> request: /v1/api/sso/validate?gw=1
-> GET /v1/api/sso/validate?gw=1,200|338ms
-> request: /v1/api/one/user
-> request: /sso/AuthenticateSSODH?ACTION=INIT
-> sso GET https://api.ibkr.com/sso/AuthenticateSSODH?ACTION=INIT
-> request: /sso/AuthenticateSSODH?ACTION=COMPLETE&B=52a0fa277d1d84b86b049e32a79bdcc7c11f5660899e7509bf250da5e84cc0bf42fc14ec12358ca161cf3e5b7351864a514b99db2c61b8aae936d5a8e9ec8a0b&CHRESPONSE=f9673e0984233032607d4519cfde3318d9bfee34
-> sso GET https://api.ibkr.com/sso/AuthenticateSSODH?ACTION=COMPLETE&B=52a0fa277d1d84b86b049e32a79bdcc7c11f5660899e7509bf250da5e84cc0bf42fc14ec12358ca161cf3e5b7351864a514b99db2c61b8aae936d5a8e9ec8a0b&CHRESPONSE=f9673e0984233032607d4519cfde3318d9bfee34
-> GET /v1/api/sso/validate?gw=1,200|833ms
-> request: /v1/api/one/user
-> request: /sso/AuthenticateSSODH?ACTION=INIT
-> sso GET https://api.ibkr.com/sso/AuthenticateSSODH?ACTION=INIT
-> request: /v1/api/iserver/auth/status
-> GET /v1/api/one/user,200|907ms
-> GET /v1/api/one/user,200|420ms
-> GET /v1/api/iserver/auth/status,200|415ms
-> request: /v1/api/iserver/accounts
-> request: /sso/AuthenticateSSODH?ACTION=COMPLETE&B=b178bc0264ffc333a93331708d46f0c53cdf6140168097839be512e17b74fd2843896581933b216bc8c085524c5e3090419ca1c0df3c5d0a7eba8ebfb09e319f&CHRESPONSE=4f12b496179d0910326a61b1d3db74dfa74434da
-> sso GET https://api.ibkr.com/sso/AuthenticateSSODH?ACTION=COMPLETE&B=b178bc0264ffc333a93331708d46f0c53cdf6140168097839be512e17b74fd2843896581933b216bc8c085524c5e3090419ca1c0df3c5d0a7eba8ebfb09e319f&CHRESPONSE=4f12b496179d0910326a61b1d3db74dfa74434da
-> GET /v1/api/iserver/accounts,200|366ms
-> request: /v1/api/iserver/auth/status
-> GET /v1/api/iserver/auth/status,200|354ms
-> request: /v1/api/iserver/accounts
-> GET /v1/api/iserver/accounts,200|334ms
-> request: /v1/api/iserver/auth/status
-> GET /v1/api/iserver/auth/status,200|346ms
-> request: /v1/api/iserver/accounts
-> GET /v1/api/iserver/accounts,200|347ms
-> request: /v1/api/tickle
-> GET /v1/api/tickle,200|425ms
-> request: /v1/api/tickle
-> GET /v1/api/tickle,200|344ms
-> request: /v1/api/tickle
-> GET /v1/api/tickle,200|396ms
-> request: /v1/api/tickle
-> GET /v1/api/tickle,200|381ms
-> request: /v1/api/tickle
-> GET /v1/api/tickle,200|428ms
-> request: /v1/api/tickle
-> GET /v1/api/tickle,200|348ms
-> request: /v1/api/tickle
-> GET /v1/api/tickle,200|418ms
-> request: /v1/api/tickle
-> GET /v1/api/tickle,200|351ms
-> request: /v1/api/tickle
-> GET /v1/api/tickle,200|468ms
-> request: /sso/ping
-> GET /sso/ping,200|363ms
-> request: /v1/api/tickle
-> GET /v1/api/tickle,200|404ms
-> request: /v1/api/tickle
-> GET /v1/api/tickle,200|415ms
-> request: /v1/api/tickle
-> GET /v1/api/tickle,200|388ms
-> request: /v1/api/tickle
-> GET /v1/api/tickle,200|416ms
-> request: /v1/api/tickle
-> GET /v1/api/tickle,200|353ms
-> request: /v1/api/tickle
-> GET /v1/api/tickle,200|420ms
-> request: /v1/api/tickle
-> GET /v1/api/tickle,200|352ms
-> request: /v1/api/tickle
-> GET /v1/api/tickle,200|418ms
-> request: /v1/api/tickle
-> GET /v1/api/tickle,200|340ms
-> request: /v1/api/tickle
-> GET /v1/api/tickle,200|795ms
-> request: /sso/ping
-> GET /sso/ping,200|360ms
-> request: /v1/api/tickle
-> GET /v1/api/tickle,200|333ms
-> request: /v1/api/tickle
-> GET /v1/api/tickle,200|414ms
-> request: /v1/api/tickle
-> GET /v1/api/tickle,200|346ms
-> request: /v1/api/tickle
-> GET /v1/api/tickle,200|417ms
-> request: /v1/api/tickle
-> GET /v1/api/tickle,200|349ms
-> request: /v1/api/tickle
-> GET /v1/api/tickle,200|429ms
-> request: /v1/api/tickle
-> GET /v1/api/tickle,200|332ms
-> request: /v1/api/tickle
-> GET /v1/api/tickle,200|401ms
-> request: /v1/api/tickle
-> GET /v1/api/tickle,200|357ms
-> request: /v1/api/tickle
-> GET /v1/api/tickle,200|418ms
-> request: /sso/ping
-> GET /sso/ping,200|331ms
-> request: /v1/api/tickle
-> GET /v1/api/tickle,200|335ms
-> request: /v1/api/tickle
-> GET /v1/api/tickle,200|409ms
-> request: /v1/api/tickle
-> GET /v1/api/tickle,200|365ms
-> request: /v1/api/tickle
-> GET /v1/api/tickle,200|402ms
-> request: /v1/api/tickle
-> GET /v1/api/tickle,200|334ms
-> request: /v1/api/tickle
-> GET /v1/api/tickle,200|485ms
-> request: /v1/api/tickle
-> GET /v1/api/tickle,200|540ms
-> request: /v1/api/tickle
-> GET /v1/api/tickle,200|394ms
-> request: /v1/api/tickle
-> GET /v1/api/tickle,200|409ms
-> request: /v1/api/tickle
-> GET /v1/api/tickle,200|345ms
-> request: /sso/ping
-> GET /sso/ping,200|411ms
-> request: /v1/api/tickle
-> GET /v1/api/tickle,200|363ms
-> request: /v1/api/tickle
-> GET /v1/api/tickle,200|346ms
-> request: /v1/api/tickle
-> GET /v1/api/tickle,200|404ms
-> request: /v1/api/tickle
-> GET /v1/api/tickle,200|361ms
-> request: /v1/api/tickle
-> GET /v1/api/tickle,200|416ms
-> request: /v1/api/tickle
-> GET /v1/api/tickle,200|346ms
-> request: /v1/api/tickle
-> GET /v1/api/tickle,200|426ms
-> request: /v1/api/tickle
-> GET /v1/api/tickle,200|348ms
-> request: /v1/api/tickle
-> GET /v1/api/tickle,200|415ms
-> request: /v1/api/tickle
-> GET /v1/api/tickle,200|350ms
-> request: /sso/ping
-> GET /sso/ping,200|404ms
-> request: /v1/api/tickle
-> GET /v1/api/tickle,200|361ms
-> request: /v1/api/tickle
-> GET /v1/api/tickle,200|454ms
-> request: /v1/api/tickle
-> GET /v1/api/tickle,200|405ms
-> request: /v1/api/tickle
-> GET /v1/api/tickle,200|354ms
-> request: /v1/api/tickle
-> GET /v1/api/tickle,200|398ms
-> request: /v1/api/tickle
-> GET /v1/api/tickle,200|356ms
-> request: /v1/api/tickle
-> GET /v1/api/tickle,200|408ms
-> request: /v1/api/tickle
-> GET /v1/api/tickle,200|400ms
-> request: /v1/api/tickle
-> GET /v1/api/tickle,200|401ms
-> request: /v1/api/tickle
-> GET /v1/api/tickle,200|339ms
-> request: /sso/ping
-> GET /sso/ping,200|516ms
-> request: /v1/api/tickle
-> GET /v1/api/tickle,200|346ms
-> request: /v1/api/tickle
-> GET /v1/api/tickle,200|363ms
-> request: /v1/api/tickle
-> GET /v1/api/tickle,200|404ms
-> request: /v1/api/tickle
-> GET /v1/api/tickle,200|340ms
-> request: /v1/api/tickle
-> GET /v1/api/tickle,200|2909ms
-> request: /v1/api/tickle
-> GET /v1/api/tickle,200|344ms
-> request: /v1/api/tickle
-> GET /v1/api/tickle,200|414ms
-> request: /v1/api/tickle
-> GET /v1/api/tickle,200|355ms
-> request: /v1/api/tickle
-> GET /v1/api/tickle,200|428ms
-> request: /v1/api/tickle
-> GET /v1/api/tickle,200|342ms
-> request: /sso/ping
-> GET /sso/ping,200|447ms
-> request: /v1/api/tickle
-> GET /v1/api/tickle,200|342ms
-> request: /v1/api/tickle
-> GET /v1/api/tickle,200|335ms
-> request: /v1/api/tickle
-> GET /v1/api/tickle,200|491ms
-> request: /v1/api/tickle
-> GET /v1/api/tickle,200|329ms
-> request: /v1/api/tickle
-> GET /v1/api/tickle,200|412ms
-> request: /v1/api/tickle
-> GET /v1/api/tickle,200|356ms
-> request: /v1/api/tickle
-> GET /v1/api/tickle,200|409ms
-> request: /v1/api/tickle
-> GET /v1/api/tickle,200|398ms
-> request: /v1/api/tickle
-> GET /v1/api/tickle,200|640ms
-> request: /v1/api/tickle
-> GET /v1/api/tickle,200|342ms
-> request: /sso/ping
-> GET /sso/ping,200|408ms
-> request: /v1/api/tickle
-> GET /v1/api/tickle,200|336ms
-> request: /v1/api/tickle
-> GET /v1/api/tickle,200|330ms
-> request: /v1/api/tickle
-> GET /v1/api/tickle,200|401ms
-> request: /v1/api/tickle
-> GET /v1/api/tickle,200|352ms
-> request: /v1/api/tickle
-> GET /v1/api/tickle,200|420ms
-> request: /v1/api/tickle
-> GET /v1/api/tickle,200|345ms
-> request: /v1/api/tickle
-> GET /v1/api/tickle,200|414ms
-> request: /v1/api/tickle
-> GET /v1/api/tickle,200|339ms
-> request: /v1/api/tickle
-> GET /v1/api/tickle,200|428ms
-> request: /v1/api/tickle
-> GET /v1/api/tickle,200|352ms
-> request: /sso/ping
-> GET /sso/ping,200|438ms
-> request: /v1/api/tickle
-> GET /v1/api/tickle,200|333ms
-> request: /v1/api/tickle
-> GET /v1/api/tickle,200|344ms
-> request: /v1/api/tickle
-> GET /v1/api/tickle,200|497ms
-> request: /v1/api/tickle
-> GET /v1/api/tickle,200|354ms
-> request: /v1/api/tickle
-> GET /v1/api/tickle,200|408ms
-> request: /v1/api/tickle
-> GET /v1/api/tickle,200|331ms
-> request: /v1/api/tickle
-> GET /v1/api/tickle,200|398ms
-> request: /v1/api/tickle
-> GET /v1/api/tickle,200|343ms
-> request: /v1/api/tickle
-> GET /v1/api/tickle,200|652ms
-> request: /v1/api/tickle
-> GET /v1/api/tickle,200|349ms
-> request: /sso/ping
-> GET /sso/ping,200|347ms
-> request: /v1/api/tickle
-> GET /v1/api/tickle,200|348ms
-> request: /v1/api/tickle
-> GET /v1/api/tickle,200|408ms
-> request: /v1/api/tickle
-> GET /v1/api/tickle,200|350ms
-> request: /v1/api/tickle
-> GET /v1/api/tickle,200|412ms
-> request: /v1/api/tickle
-> GET /v1/api/tickle,200|352ms
-> request: /v1/api/tickle
-> GET /v1/api/tickle,200|424ms
-> request: /v1/api/tickle
-> GET /v1/api/tickle,200|345ms
-> request: /v1/api/tickle
-> GET /v1/api/tickle,200|418ms
-> request: /v1/api/tickle
-> GET /v1/api/tickle,200|415ms
-> request: /v1/api/tickle
-> GET /v1/api/tickle,200|420ms
-> request: /sso/ping
-> GET /sso/ping,200|525ms
-> request: /v1/api/tickle
-> GET /v1/api/tickle,200|370ms
-> request: /v1/api/tickle
-> GET /v1/api/tickle,200|431ms
-> request: /v1/api/tickle
-> GET /v1/api/tickle,200|355ms
-> request: /v1/api/tickle
-> GET /v1/api/tickle,200|417ms
-> request: /v1/api/tickle
-> GET /v1/api/tickle,200|370ms
-> request: /v1/api/tickle
-> GET /v1/api/tickle,200|470ms
-> request: /v1/api/tickle
-> GET /v1/api/tickle,200|361ms
-> request: /v1/api/tickle
-> GET /v1/api/tickle,200|427ms
-> request: /v1/api/tickle
-> GET /v1/api/tickle,200|377ms
-> request: /v1/api/tickle
-> GET /v1/api/tickle,200|468ms
-> request: /sso/ping
-> GET /sso/ping,200|355ms
-> request: /v1/api/tickle
-> GET /v1/api/tickle,200|359ms
-> request: /v1/api/tickle
-> GET /v1/api/tickle,200|537ms
-> request: /v1/api/tickle
-> GET /v1/api/tickle,200|361ms
-> request: /v1/api/tickle
-> GET /v1/api/tickle,200|436ms
-> request: /v1/api/tickle
-> GET /v1/api/tickle,200|358ms
-> request: /v1/api/tickle
-> GET /v1/api/tickle,200|424ms
-> request: /v1/api/tickle
-> GET /v1/api/tickle,200|363ms
-> request: /v1/api/tickle
-> GET /v1/api/tickle,200|433ms
-> request: /v1/api/tickle
-> GET /v1/api/tickle,200|369ms
-> request: /v1/api/tickle
-> GET /v1/api/tickle,200|433ms
-> request: /sso/ping
-> GET /sso/ping,200|357ms
-> request: /v1/api/tickle
-> GET /v1/api/tickle,200|345ms
-> request: /v1/api/tickle
-> GET /v1/api/tickle,200|407ms
-> request: /v1/api/tickle
-> GET /v1/api/tickle,200|356ms
-> request: /v1/api/tickle
-> GET /v1/api/tickle,200|582ms
-> request: /v1/api/tickle
-> GET /v1/api/tickle,200|377ms
-> request: /v1/api/tickle
-> GET /v1/api/tickle,200|408ms
-> request: /v1/api/tickle
-> GET /v1/api/tickle,200|331ms
-> request: /v1/api/tickle
-> GET /v1/api/tickle,200|409ms
-> request: /v1/api/tickle
-> GET /v1/api/tickle,200|340ms
-> request: /v1/api/tickle
-> GET /v1/api/tickle,200|410ms
-> request: /sso/ping
-> GET /sso/ping,200|347ms
-> request: /v1/api/tickle
-> GET /v1/api/tickle,200|397ms
-> request: /v1/api/tickle
-> GET /v1/api/tickle,200|421ms
-> request: /v1/api/tickle
-> GET /v1/api/tickle,200|353ms
-> request: /v1/api/tickle
-> GET /v1/api/tickle,200|415ms
-> request: /v1/api/tickle
-> GET /v1/api/tickle,200|338ms
-> request: /v1/api/tickle
-> GET /v1/api/tickle,200|427ms
-> request: /v1/api/tickle
-> GET /v1/api/tickle,200|341ms
-> request: /v1/api/tickle
-> GET /v1/api/tickle,200|418ms
-> request: /v1/api/tickle
-> GET /v1/api/tickle,200|338ms
-> request: /v1/api/tickle
-> GET /v1/api/tickle,200|420ms
-> request: /sso/ping
-> GET /sso/ping,200|343ms
-> request: /v1/api/tickle
-> GET /v1/api/tickle,200|350ms
-> request: /v1/api/tickle
-> GET /v1/api/tickle,200|442ms
-> request: /v1/api/tickle
-> GET /v1/api/tickle,200|351ms
-> request: /v1/api/tickle
-> GET /v1/api/tickle,200|402ms
-> request: /v1/api/tickle
-> GET /v1/api/tickle,200|329ms
-> request: /v1/api/tickle
-> GET /v1/api/tickle,200|543ms
-> request: /v1/api/tickle
-> GET /v1/api/tickle,200|340ms
-> request: /v1/api/tickle
-> GET /v1/api/tickle,200|335ms
-> request: /v1/api/tickle
-> GET /v1/api/tickle,200|567ms
-> request: /v1/api/tickle
-> GET /v1/api/tickle,200|339ms
-> request: /sso/ping
-> GET /sso/ping,200|403ms
-> request: /v1/api/tickle
-> GET /v1/api/tickle,200|336ms
-> request: /v1/api/tickle
-> GET /v1/api/tickle,200|347ms
-> request: /v1/api/tickle
-> GET /v1/api/tickle,200|402ms
-> request: /v1/api/tickle
-> GET /v1/api/tickle,200|355ms
-> request: /v1/api/tickle
-> GET /v1/api/tickle,200|410ms
-> request: /v1/api/tickle
-> GET /v1/api/tickle,200|350ms
-> request: /v1/api/tickle
-> GET /v1/api/tickle,200|417ms
-> request: /v1/api/tickle
-> GET /v1/api/tickle,200|351ms
-> request: /v1/api/tickle
-> GET /v1/api/tickle,200|419ms
-> request: /v1/api/tickle
-> GET /v1/api/tickle,200|358ms
-> request: /sso/ping
-> GET /sso/ping,200|416ms
-> request: /v1/api/tickle
-> GET /v1/api/tickle,200|347ms
-> request: /v1/api/tickle
-> GET /v1/api/tickle,200|332ms
-> request: /v1/api/tickle
-> GET /v1/api/tickle,200|403ms
-> request: /v1/api/tickle
-> GET /v1/api/tickle,200|357ms
-> request: /v1/api/tickle
-> GET /v1/api/tickle,200|400ms
-> request: /v1/api/tickle
-> GET /v1/api/tickle,200|366ms
-> request: /v1/api/tickle
-> GET /v1/api/tickle,200|417ms
-> request: /v1/api/tickle
-> GET /v1/api/tickle,200|337ms
-> request: /v1/api/tickle
-> GET /v1/api/tickle,200|426ms
-> request: /v1/api/tickle
-> GET /v1/api/tickle,200|349ms
-> request: /sso/ping
-> GET /sso/ping,200|443ms
-> request: /v1/api/tickle
-> GET /v1/api/tickle,200|337ms
-> request: /v1/api/tickle
-> GET /v1/api/tickle,200|332ms
-> request: /v1/api/tickle
-> GET /v1/api/tickle,200|529ms
-> request: /v1/api/tickle
-> GET /v1/api/tickle,200|336ms
-> request: /v1/api/tickle
-> GET /v1/api/tickle,200|396ms
-> request: /v1/api/tickle
-> GET /v1/api/tickle,200|409ms
-> request: /v1/api/tickle
-> GET /v1/api/tickle,200|337ms
-> request: /v1/api/tickle
-> GET /v1/api/tickle,200|410ms
-> request: /v1/api/tickle
-> GET /v1/api/tickle,200|349ms
-> request: /v1/api/tickle
-> GET /v1/api/tickle,200|415ms
-> request: /sso/ping
-> GET /sso/ping,200|347ms
-> request: /v1/api/tickle
-> GET /v1/api/tickle,200|347ms
-> request: /v1/api/tickle
-> GET /v1/api/tickle,200|433ms
-> request: /v1/api/tickle
-> GET /v1/api/tickle,200|338ms
-> request: /v1/api/tickle
-> GET /v1/api/tickle,200|409ms
-> request: /v1/api/tickle
-> GET /v1/api/tickle,200|356ms
-> request: /v1/api/tickle
-> GET /v1/api/tickle,200|400ms
-> request: /v1/api/tickle
-> GET /v1/api/tickle,200|386ms
-> request: /v1/api/tickle
-> GET /v1/api/tickle,200|435ms
-> request: /v1/api/tickle
-> GET /v1/api/tickle,200|370ms
-> request: /v1/api/tickle
-> GET /v1/api/tickle,200|483ms
-> request: /sso/ping
-> GET /sso/ping,200|341ms
-> request: /v1/api/tickle
-> GET /v1/api/tickle,200|342ms
-> request: /v1/api/tickle
-> GET /v1/api/tickle,200|348ms
-> request: /v1/api/tickle
-> GET /v1/api/tickle,200|331ms
-> request: /v1/api/tickle
-> GET /v1/api/tickle,200|366ms
-> request: /v1/api/tickle
-> GET /v1/api/tickle,200|405ms
-> request: /v1/api/tickle
-> GET /v1/api/tickle,200|350ms
-> request: /v1/api/tickle
-> GET /v1/api/tickle,200|435ms
-> request: /v1/api/tickle
-> GET /v1/api/tickle,200|422ms
-> request: /v1/api/tickle
-> GET /v1/api/tickle,200|412ms
-> request: /v1/api/tickle
-> GET /v1/api/tickle,200|330ms
-> request: /sso/ping
-> GET /sso/ping,200|410ms
-> request: /v1/api/tickle
-> GET /v1/api/tickle,200|344ms
-> request: /v1/api/tickle
-> GET /v1/api/tickle,200|347ms
-> request: /v1/api/tickle
-> GET /v1/api/tickle,200|410ms
-> request: /v1/api/tickle
-> GET /v1/api/tickle,200|342ms
-> request: /v1/api/tickle
-> GET /v1/api/tickle,200|481ms
-> request: /v1/api/tickle
-> GET /v1/api/tickle,200|343ms
-> request: /v1/api/tickle
-> GET /v1/api/tickle,200|421ms
-> request: /v1/api/tickle
-> GET /v1/api/tickle,200|339ms
-> request: /v1/api/tickle
-> GET /v1/api/tickle,200|414ms
-> request: /v1/api/tickle
-> GET /v1/api/tickle,200|342ms
-> request: /sso/ping
-> GET /sso/ping,200|417ms
-> request: /v1/api/tickle
-> GET /v1/api/tickle,200|329ms
-> request: /v1/api/tickle
-> GET /v1/api/tickle,200|361ms
-> request: /v1/api/tickle
-> GET /v1/api/tickle,200|412ms
-> request: /v1/api/tickle
-> GET /v1/api/tickle,200|346ms
-> request: /v1/api/tickle
-> GET /v1/api/tickle,200|444ms
-> request: /v1/api/tickle
-> GET /v1/api/tickle,200|344ms
-> request: /v1/api/tickle
-> GET /v1/api/tickle,200|452ms
-> request: /v1/api/tickle
-> GET /v1/api/tickle,200|359ms
-> request: /v1/api/tickle
-> GET /v1/api/tickle,200|410ms
-> request: /v1/api/tickle
-> GET /v1/api/tickle,200|336ms
-> request: /sso/ping
-> GET /sso/ping,200|410ms
-> request: /v1/api/tickle
-> GET /v1/api/tickle,200|388ms
-> request: /v1/api/tickle
-> GET /v1/api/tickle,200|335ms
-> request: /v1/api/tickle
-> GET /v1/api/tickle,200|441ms
-> request: /v1/api/tickle
-> GET /v1/api/tickle,200|360ms
-> request: /v1/api/tickle
-> GET /v1/api/tickle,200|419ms
-> request: /v1/api/tickle
-> GET /v1/api/tickle,200|348ms
-> request: /v1/api/tickle
-> GET /v1/api/tickle,200|445ms
-> request: /v1/api/tickle
-> GET /v1/api/tickle,200|334ms
-> request: /v1/api/tickle
-> GET /v1/api/tickle,200|406ms
-> request: /v1/api/tickle
-> GET /v1/api/tickle,200|371ms
-> request: /sso/ping
-> GET /sso/ping,200|401ms
-> request: /v1/api/tickle
-> GET /v1/api/tickle,200|337ms
-> request: /v1/api/tickle
-> GET /v1/api/tickle,200|348ms
-> request: /v1/api/tickle
-> GET /v1/api/tickle,200|416ms
-> request: /v1/api/tickle
-> GET /v1/api/tickle,200|340ms
-> request: /v1/api/tickle
-> GET /v1/api/tickle,200|417ms
-> request: /v1/api/tickle
-> GET /v1/api/tickle,200|380ms
-> request: /v1/api/tickle
-> GET /v1/api/tickle,200|406ms
-> request: /v1/api/tickle
-> GET /v1/api/tickle,200|356ms
-> request: /v1/api/tickle
-> GET /v1/api/tickle,200|412ms
-> request: /v1/api/tickle
-> GET /v1/api/tickle,200|342ms
-> request: /sso/ping
-> GET /sso/ping,200|405ms
-> request: /v1/api/tickle
-> GET /v1/api/tickle,200|345ms
-> request: /v1/api/tickle
-> GET /v1/api/tickle,200|353ms
-> request: /v1/api/tickle
-> GET /v1/api/tickle,200|429ms
-> request: /v1/api/tickle
-> GET /v1/api/tickle,200|348ms
-> request: /v1/api/tickle
-> GET /v1/api/tickle,200|415ms
-> request: /v1/api/tickle
-> GET /v1/api/tickle,200|347ms
-> request: /v1/api/tickle
-> GET /v1/api/tickle,200|416ms
-> request: /v1/api/tickle
-> GET /v1/api/tickle,200|483ms
-> request: /v1/api/tickle
-> GET /v1/api/tickle,200|414ms
-> request: /v1/api/tickle
-> GET /v1/api/tickle,200|351ms
-> request: /sso/ping
-> GET /sso/ping,200|398ms
-> request: /v1/api/tickle
-> GET /v1/api/tickle,200|340ms
-> request: /v1/api/tickle
-> GET /v1/api/tickle,200|343ms
-> request: /v1/api/tickle
-> GET /v1/api/tickle,200|417ms
-> request: /v1/api/tickle
-> GET /v1/api/tickle,200|379ms
-> request: /v1/api/tickle
-> GET /v1/api/tickle,200|427ms
-> request: /v1/api/tickle
-> GET /v1/api/tickle,200|332ms
-> request: /v1/api/tickle
-> GET /v1/api/tickle,200|416ms
-> request: /v1/api/tickle
-> GET /v1/api/tickle,200|347ms
-> request: /v1/api/tickle
-> GET /v1/api/tickle,200|403ms
-> request: /v1/api/tickle
-> GET /v1/api/tickle,200|415ms
-> request: /sso/ping
-> GET /sso/ping,200|400ms
-> request: /v1/api/tickle
-> GET /v1/api/tickle,200|349ms
-> request: /v1/api/tickle
-> GET /v1/api/tickle,200|347ms
-> request: /v1/api/tickle
-> GET /v1/api/tickle,200|408ms
-> request: /v1/api/tickle
-> GET /v1/api/tickle,200|339ms
-> request: /v1/api/tickle
-> GET /v1/api/tickle,200|404ms
-> request: /v1/api/tickle
-> GET /v1/api/tickle,200|397ms
-> request: /v1/api/tickle
-> GET /v1/api/tickle,200|552ms
-> request: /v1/api/tickle
-> GET /v1/api/tickle,200|354ms
-> request: /v1/api/tickle
-> GET /v1/api/tickle,200|348ms
-> request: /v1/api/tickle
-> GET /v1/api/tickle,200|406ms
-> request: /sso/ping
-> GET /sso/ping,200|343ms
-> request: /v1/api/tickle
-> GET /v1/api/tickle,200|335ms
-> request: /v1/api/tickle
-> GET /v1/api/tickle,200|443ms
-> request: /v1/api/tickle
-> GET /v1/api/tickle,200|406ms
-> request: /v1/api/tickle
-> GET /v1/api/tickle,200|346ms
-> request: /v1/api/tickle
-> GET /v1/api/tickle,200|649ms
-> request: /v1/api/tickle
-> GET /v1/api/tickle,200|408ms
-> request: /v1/api/tickle
-> GET /v1/api/tickle,200|347ms
-> request: /v1/api/tickle
-> GET /v1/api/tickle,200|451ms
-> request: /v1/api/tickle
-> GET /v1/api/tickle,200|339ms
-> request: /v1/api/tickle
-> GET /v1/api/tickle,200|403ms
-> request: /sso/ping
-> GET /sso/ping,200|345ms
-> request: /v1/api/tickle
-> GET /v1/api/tickle,200|351ms
-> request: /v1/api/tickle
-> GET /v1/api/tickle,200|415ms
-> request: /v1/api/tickle
-> GET /v1/api/tickle,200|336ms
-> request: /v1/api/tickle
-> GET /v1/api/tickle,200|420ms
-> request: /v1/api/tickle
-> GET /v1/api/tickle,200|356ms
-> request: /v1/api/tickle
-> GET /v1/api/tickle,200|358ms
-> request: /v1/api/tickle
-> GET /v1/api/tickle,200|341ms
-> request: /v1/api/tickle
-> GET /v1/api/tickle,200|405ms
-> request: /v1/api/tickle
-> GET /v1/api/tickle,200|337ms
-> request: /v1/api/tickle
-> GET /v1/api/tickle,200|528ms
-> request: /sso/ping
-> GET /sso/ping,200|342ms
-> request: /v1/api/tickle
-> GET /v1/api/tickle,200|338ms
-> request: /v1/api/tickle
-> GET /v1/api/tickle,200|347ms
-> request: /v1/api/tickle
-> GET /v1/api/tickle,200|352ms
-> request: /v1/api/tickle
-> GET /v1/api/tickle,200|328ms
-> request: /v1/api/tickle
-> GET /v1/api/tickle,200|404ms
-> request: /v1/api/tickle
-> GET /v1/api/tickle,200|346ms
-> request: /v1/api/tickle
-> GET /v1/api/tickle,200|414ms
-> request: /v1/api/tickle
-> GET /v1/api/tickle,200|339ms
-> request: /v1/api/tickle
-> GET /v1/api/tickle,200|403ms
-> request: /v1/api/tickle
-> GET /v1/api/tickle,200|335ms
-> request: /sso/ping
-> GET /sso/ping,200|415ms
-> request: /v1/api/tickle
-> GET /v1/api/tickle,200|341ms
-> request: /v1/api/tickle
-> GET /v1/api/tickle,200|373ms
-> request: /v1/api/tickle
-> GET /v1/api/tickle,200|406ms
-> request: /v1/api/tickle
-> GET /v1/api/tickle,200|337ms
-> request: /v1/api/tickle
-> GET /v1/api/tickle,200|576ms
-> request: /v1/api/tickle
-> GET /v1/api/tickle,200|347ms
-> request: /v1/api/tickle
-> GET /v1/api/tickle,200|416ms
-> request: /v1/api/tickle
-> GET /v1/api/tickle,200|332ms
-> request: /v1/api/tickle
-> GET /v1/api/tickle,200|612ms
-> request: /v1/api/tickle
-> GET /v1/api/tickle,200|341ms
-> request: /sso/ping
-> GET /sso/ping,200|403ms
-> request: /v1/api/tickle
-> GET /v1/api/tickle,200|346ms
-> request: /v1/api/tickle
-> GET /v1/api/tickle,200|334ms
-> request: /v1/api/tickle
-> GET /v1/api/tickle,200|396ms
-> request: /v1/api/tickle
-> GET /v1/api/tickle,200|344ms
-> request: /v1/api/tickle
-> GET /v1/api/tickle,200|423ms
-> request: /v1/api/tickle
-> GET /v1/api/tickle,200|355ms
-> request: /v1/api/tickle
-> GET /v1/api/tickle,200|407ms
-> request: /v1/api/tickle
-> GET /v1/api/tickle,200|330ms
-> request: /v1/api/tickle
-> GET /v1/api/tickle,200|430ms
-> request: /v1/api/tickle
-> GET /v1/api/tickle,200|335ms
-> request: /sso/ping
-> GET /sso/ping,200|416ms
-> request: /v1/api/tickle
-> GET /v1/api/tickle,200|328ms
-> request: /v1/api/tickle
-> GET /v1/api/tickle,200|335ms
-> request: /v1/api/tickle
-> GET /v1/api/tickle,200|442ms
-> request: /v1/api/tickle
-> GET /v1/api/tickle,200|331ms
-> request: /v1/api/tickle
-> GET /v1/api/tickle,200|415ms
-> request: /v1/api/tickle
-> GET /v1/api/tickle,200|365ms
-> request: /v1/api/tickle
-> GET /v1/api/tickle,200|419ms
-> request: /v1/api/tickle
-> GET /v1/api/tickle,200|385ms
-> request: /v1/api/tickle
-> GET /v1/api/tickle,200|424ms
-> request: /v1/api/tickle
-> GET /v1/api/tickle,200|345ms
-> request: /sso/ping
-> GET /sso/ping,200|424ms
-> request: /v1/api/tickle
-> GET /v1/api/tickle,200|359ms
-> request: /v1/api/tickle
-> GET /v1/api/tickle,200|366ms
-> request: /v1/api/tickle
-> GET /v1/api/tickle,200|531ms
-> request: /v1/api/tickle
-> GET /v1/api/tickle,200|336ms
-> request: /v1/api/tickle
-> GET /v1/api/tickle,200|371ms
-> request: /v1/api/tickle
-> GET /v1/api/tickle,200|427ms
-> request: /v1/api/tickle
-> GET /v1/api/tickle,200|377ms
-> request: /v1/api/tickle
-> GET /v1/api/tickle,200|407ms
-> request: /v1/api/tickle
-> GET /v1/api/tickle,200|334ms
-> request: /v1/api/tickle
-> GET /v1/api/tickle,200|430ms
-> request: /sso/ping
-> GET /sso/ping,200|357ms
-> request: /v1/api/tickle
-> GET /v1/api/tickle,200|366ms
-> request: /v1/api/tickle
-> GET /v1/api/tickle,200|428ms
-> request: /v1/api/tickle
-> GET /v1/api/tickle,200|346ms
-> request: /v1/api/tickle
-> GET /v1/api/tickle,200|402ms
-> request: /v1/api/tickle
-> GET /v1/api/tickle,200|334ms
-> request: /v1/api/tickle
-> GET /v1/api/tickle,200|423ms
-> request: /v1/api/tickle
-> GET /v1/api/tickle,200|336ms
-> request: /v1/api/tickle
-> GET /v1/api/tickle,200|444ms
-> request: /v1/api/tickle
-> GET /v1/api/tickle,200|343ms
-> request: /v1/api/tickle
-> GET /v1/api/tickle,200|409ms
-> request: /sso/ping
-> GET /sso/ping,200|361ms
-> request: /v1/api/tickle
-> GET /v1/api/tickle,200|334ms
-> request: /v1/api/tickle
-> GET /v1/api/tickle,200|513ms
-> request: /v1/api/tickle
-> GET /v1/api/tickle,200|342ms
-> request: /v1/api/tickle
-> GET /v1/api/tickle,200|357ms
-> request: /v1/api/tickle
-> GET /v1/api/tickle,200|452ms
-> request: /v1/api/tickle
-> GET /v1/api/tickle,200|347ms
-> request: /v1/api/tickle
-> GET /v1/api/tickle,200|460ms
-> request: /v1/api/tickle
-> GET /v1/api/tickle,200|334ms
-> request: /v1/api/tickle
-> GET /v1/api/tickle,200|334ms
-> request: /v1/api/tickle
-> GET /v1/api/tickle,200|423ms
-> request: /sso/ping
-> GET /sso/ping,200|351ms
-> request: /v1/api/tickle
-> GET /v1/api/tickle,200|345ms
-> request: /v1/api/tickle
-> GET /v1/api/tickle,200|412ms
-> request: /v1/api/tickle
-> GET /v1/api/tickle,200|413ms
-> request: /v1/api/tickle
-> GET /v1/api/tickle,200|436ms
-> request: /v1/api/tickle
-> GET /v1/api/tickle,200|335ms
-> request: /v1/api/tickle
-> GET /v1/api/tickle,200|415ms
-> request: /v1/api/tickle
-> GET /v1/api/tickle,200|337ms
-> request: /v1/api/tickle
-> GET /v1/api/tickle,200|405ms
-> request: /v1/api/tickle
-> GET /v1/api/tickle,200|373ms
-> request: /v1/api/tickle
-> GET /v1/api/tickle,200|403ms
-> request: /sso/ping
-> GET /sso/ping,200|347ms
-> request: /v1/api/tickle
-> GET /v1/api/tickle,200|332ms
-> request: /v1/api/tickle
-> GET /v1/api/tickle,200|413ms
-> request: /v1/api/tickle
-> GET /v1/api/tickle,200|370ms
-> request: /v1/api/tickle
-> GET /v1/api/tickle,200|407ms
-> request: /v1/api/tickle
-> GET /v1/api/tickle,200|354ms
-> request: /v1/api/tickle
-> GET /v1/api/tickle,200|402ms
-> request: /v1/api/tickle
-> GET /v1/api/tickle,200|360ms
-> request: /v1/api/tickle
-> GET /v1/api/tickle,200|497ms
-> request: /v1/api/tickle
-> GET /v1/api/tickle,200|341ms
-> request: /v1/api/tickle
-> GET /v1/api/tickle,200|419ms
-> request: /sso/ping
-> GET /sso/ping,200|342ms
-> request: /v1/api/tickle
-> GET /v1/api/tickle,200|344ms
-> request: /v1/api/tickle
-> GET /v1/api/tickle,200|364ms
-> request: /v1/api/tickle
-> GET /v1/api/tickle,200|331ms
-> request: /v1/api/tickle
-> GET /v1/api/tickle,200|444ms
-> request: /v1/api/tickle
-> GET /v1/api/tickle,200|347ms
-> request: /v1/api/tickle
-> GET /v1/api/tickle,200|421ms
-> request: /v1/api/tickle
-> GET /v1/api/tickle,200|436ms
-> request: /v1/api/tickle
-> GET /v1/api/tickle,200|409ms
-> request: /v1/api/tickle
-> GET /v1/api/tickle,200|346ms
-> request: /v1/api/tickle
-> GET /v1/api/tickle,200|411ms
-> request: /sso/ping
-> GET /sso/ping,200|350ms
-> request: /v1/api/tickle
-> GET /v1/api/tickle,200|359ms
-> request: /v1/api/tickle
-> GET /v1/api/tickle,200|401ms
-> request: /v1/api/tickle
-> GET /v1/api/tickle,200|334ms
-> request: /v1/api/tickle
-> GET /v1/api/tickle,200|411ms
-> request: /v1/api/tickle
-> GET /v1/api/tickle,200|336ms
-> request: /v1/api/tickle
-> GET /v1/api/tickle,200|426ms
-> request: /v1/api/tickle
-> GET /v1/api/tickle,200|353ms
-> request: /v1/api/tickle
-> GET /v1/api/tickle,200|414ms
-> request: /v1/api/tickle
-> GET /v1/api/tickle,200|344ms
-> request: /v1/api/tickle
-> GET /v1/api/tickle,200|412ms
-> request: /sso/ping
-> GET /sso/ping,200|355ms
-> request: /v1/api/tickle
-> GET /v1/api/tickle,200|347ms
-> request: /v1/api/tickle
-> GET /v1/api/tickle,200|416ms
-> request: /v1/api/tickle
-> GET /v1/api/tickle,200|340ms
-> request: /v1/api/tickle
-> GET /v1/api/tickle,200|409ms
-> request: /v1/api/tickle
-> GET /v1/api/tickle,200|690ms
-> request: /v1/api/tickle
-> GET /v1/api/tickle,200|408ms
-> request: /v1/api/tickle
-> GET /v1/api/tickle,200|353ms
-> request: /v1/api/tickle
-> GET /v1/api/tickle,200|410ms
-> request: /v1/api/tickle
-> GET /v1/api/tickle,200|332ms
-> request: /v1/api/tickle
-> GET /v1/api/tickle,200|430ms
-> request: /sso/ping
-> GET /sso/ping,200|345ms
-> request: /v1/api/tickle
-> GET /v1/api/tickle,200|346ms
-> request: /v1/api/tickle
-> GET /v1/api/tickle,200|410ms
-> request: /v1/api/tickle
-> GET /v1/api/tickle,200|339ms
-> request: /v1/api/tickle
-> GET /v1/api/tickle,200|429ms
-> request: /v1/api/tickle
-> GET /v1/api/tickle,200|355ms
-> request: /v1/api/tickle
-> GET /v1/api/tickle,200|556ms
-> request: /v1/api/tickle
-> GET /v1/api/tickle,200|349ms
-> request: /v1/api/tickle
-> GET /v1/api/tickle,200|343ms
-> request: /v1/api/tickle
-> GET /v1/api/tickle,200|427ms
-> request: /v1/api/tickle
-> GET /v1/api/tickle,200|344ms
-> request: /sso/ping
-> GET /sso/ping,200|434ms
-> request: /v1/api/tickle
-> GET /v1/api/tickle,200|345ms
-> request: /v1/api/tickle
-> GET /v1/api/tickle,200|348ms
-> request: /v1/api/tickle
-> GET /v1/api/tickle,200|448ms
-> request: /v1/api/tickle
-> GET /v1/api/tickle,200|353ms
-> request: /v1/api/tickle
-> GET /v1/api/tickle,200|426ms
-> request: /v1/api/tickle
-> GET /v1/api/tickle,200|353ms
-> request: /v1/api/tickle
-> GET /v1/api/tickle,200|413ms
-> request: /v1/api/tickle
-> GET /v1/api/tickle,200|365ms
-> request: /v1/api/tickle
-> GET /v1/api/tickle,200|499ms
-> request: /v1/api/tickle
-> GET /v1/api/tickle,200|667ms
-> request: /sso/ping
-> GET /sso/ping,200|345ms
-> request: /v1/api/tickle
-> GET /v1/api/tickle,200|333ms
-> request: /v1/api/tickle
-> GET /v1/api/tickle,200|422ms
-> request: /v1/api/tickle
-> GET /v1/api/tickle,200|341ms
-> request: /v1/api/tickle
-> GET /v1/api/tickle,200|408ms
-> request: /v1/api/tickle
-> GET /v1/api/tickle,200|368ms
-> request: /v1/api/tickle
-> GET /v1/api/tickle,200|425ms
-> request: /v1/api/tickle
-> GET /v1/api/tickle,200|366ms
-> request: /v1/api/tickle
-> GET /v1/api/tickle,200|533ms
-> request: /v1/api/tickle
-> GET /v1/api/tickle,200|346ms
-> request: /v1/api/tickle
-> GET /v1/api/tickle,200|355ms
-> request: /sso/ping
-> GET /sso/ping,200|448ms
-> request: /v1/api/tickle
-> GET /v1/api/tickle,200|366ms
-> request: /v1/api/tickle
-> GET /v1/api/tickle,200|357ms
-> request: /v1/api/tickle
-> GET /v1/api/tickle,200|424ms
-> request: /v1/api/tickle
-> GET /v1/api/tickle,200|357ms
-> request: /v1/api/tickle
-> GET /v1/api/tickle,200|447ms
-> request: /v1/api/tickle
-> GET /v1/api/tickle,200|368ms
-> request: /v1/api/tickle
-> GET /v1/api/tickle,200|413ms
-> request: /v1/api/tickle
-> GET /v1/api/tickle,200|350ms
-> request: /v1/api/tickle
-> GET /v1/api/tickle,200|444ms
-> request: /v1/api/tickle
-> GET /v1/api/tickle,200|368ms
-> request: /sso/ping
-> GET /sso/ping,200|447ms
-> request: /v1/api/tickle
-> GET /v1/api/tickle,200|352ms
-> request: /v1/api/tickle
-> GET /v1/api/tickle,200|345ms
-> request: /v1/api/tickle
-> GET /v1/api/tickle,200|462ms
-> request: /v1/api/tickle
-> GET /v1/api/tickle,200|637ms
-> request: /v1/api/tickle
-> GET /v1/api/tickle,200|437ms
-> request: /v1/api/tickle
-> GET /v1/api/tickle,200|339ms
-> request: /v1/api/tickle
-> GET /v1/api/tickle,200|428ms
-> request: /v1/api/tickle
-> GET /v1/api/tickle,200|368ms
-> request: /v1/api/tickle
-> GET /v1/api/tickle,200|418ms
-> request: /v1/api/tickle
-> GET /v1/api/tickle,200|370ms
-> request: /sso/ping
-> GET /sso/ping,200|418ms
-> request: /v1/api/tickle
-> GET /v1/api/tickle,200|402ms
-> request: /v1/api/tickle
-> GET /v1/api/tickle,200|377ms
-> request: /v1/api/tickle
-> GET /v1/api/tickle,200|556ms
-> request: /v1/api/tickle
-> GET /v1/api/tickle,200|361ms
-> request: /v1/api/tickle
-> GET /v1/api/tickle,200|410ms
-> request: /v1/api/tickle
-> GET /v1/api/tickle,200|409ms
-> request: /v1/api/tickle
-> GET /v1/api/tickle,200|427ms
-> request: /v1/api/tickle
-> GET /v1/api/tickle,200|354ms
-> request: /v1/api/tickle
-> GET /v1/api/tickle,200|419ms
-> request: /v1/api/tickle
-> request: /sso/ping
-> request: /v1/api/tickle
-> request: /v1/api/tickle
-> request: /v1/api/tickle
-> request: /v1/api/tickle
-> GET /v1/api/tickle,401|855ms
-> request: /v1/api/sso/validate?gw=1
-> GET /v1/api/sso/validate?gw=1,401|444ms
-> request: /v1/api/sso/validate?gw=1
-> GET /v1/api/sso/validate?gw=1,401|335ms
-> request: /v1/api/sso/validate?gw=1
-> GET /v1/api/sso/validate?gw=1,401|337ms
-> request: /v1/api/sso/validate?gw=1
-> GET /v1/api/sso/validate?gw=1,401|334ms
-> request: /v1/api/sso/validate?gw=1
-> GET /v1/api/sso/validate?gw=1,401|339ms
-> request: /sso/ping
-> GET /sso/ping,200|554ms
