-> GET /sso/Login?forwardTo=22&RL=1&ip2loc=US
<- 200 GET /sso/Login?forwardTo=22&RL=1&ip2loc=US
-> GET /scripts/common/js/bootstrap-switch-3.3.2/bootstrap-switch.min.js
-> GET /scripts/common/js/switchery/switchery-init.js
-> GET /scripts/common/js/icheck-1.0.2/icheck.min.js
-> GET /scripts/common/js/icheck-1.0.2/icheck-init.js
-> GET /sso/CombineFiles
-> GET /scripts/common/js/jquery-3.4.1/jquery.min.js
<- 200 GET /scripts/common/js/bootstrap-switch-3.3.2/bootstrap-switch.min.js
-> GET /scripts/common/js/jquery-ui-1.12.1/jquery-ui.min.js
<- 200 GET /scripts/common/js/jquery-3.4.1/jquery.min.js
<- 200 GET /scripts/common/js/icheck-1.0.2/icheck-init.js
<- 200 GET /scripts/common/js/icheck-1.0.2/icheck.min.js
<- 200 GET /scripts/common/js/switchery/switchery-init.js
-> GET /scripts/common/js/bootstrap-4.3.1/bootstrap.bundle.min.js
-> GET /scripts/common/js/switchery/switchery.min.js
<- 200 GET /scripts/common/js/bootstrap-4.3.1/bootstrap.bundle.min.js
<- 200 GET /scripts/common/js/jquery-ui-1.12.1/jquery-ui.min.js
<- 200 GET /scripts/common/js/switchery/switchery.min.js
-> GET /sso/images/2fa.png
<- 200 GET /sso/images/2fa.png
-> GET /images/2015/btn-app-apple.png
<- 200 GET /images/2015/btn-app-apple.png
-> GET /images/2015/btn-app-google.png
<- 200 GET /images/2015/btn-app-google.png
-> GET /images/2015/btn-app-tws.png
<- 200 GET /images/2015/btn-app-tws.png
-> GET /images/2015/button_discover_apis.png
<- 200 GET /images/2015/button_discover_apis.png
<- 200 GET /sso/CombineFiles
-> GET /images/web/favicons/home-screen-icon-128x128.png
<- 200 GET /images/web/favicons/home-screen-icon-128x128.png
-> POST /sso/Authenticator;jsessionid=B41B2B5F10C5A061AB5317E24D9D66B8.ny5wwwdam1-internet?7331
<- 200 POST /sso/Authenticator;jsessionid=B41B2B5F10C5A061AB5317E24D9D66B8.ny5wwwdam1-internet?7331
-> POST /sso/Authenticator;jsessionid=B41B2B5F10C5A061AB5317E24D9D66B8.ny5wwwdam1-internet?88838
<- 200 POST /sso/Authenticator;jsessionid=B41B2B5F10C5A061AB5317E24D9D66B8.ny5wwwdam1-internet?88838
-> POST /sso/Dispatcher;jsessionid=B41B2B5F10C5A061AB5317E24D9D66B8.ny5wwwdam1-internet
<- 302 POST /sso/Dispatcher;jsessionid=B41B2B5F10C5A061AB5317E24D9D66B8.ny5wwwdam1-internet
-> request: /v1/api/sso/validate?gw=1
-> request: /AccountManagement/OneBarAuthentication?json=1
-> GET /AccountManagement/OneBarAuthentication?json=1,404|162ms
-> GET /v1/api/sso/validate?gw=1,200|1022ms
-> request: /v1/api/one/user
-> request: /sso/AuthenticateSSODH?ACTION=INIT
-> sso GET https://api.ibkr.com/sso/AuthenticateSSODH?ACTION=INIT
-> request: /sso/AuthenticateSSODH?ACTION=COMPLETE&B=8a8a5231bb32e26041ba494705ad56912aab55dce02eecee30ecd764ffa0a40aee33751950db7111685429b725e49ed116c787c9c1ad5a3534b4ecfaa9bb1647&CHRESPONSE=11fdc01529597ca7d147f6c7bf814ce69e315863
-> sso GET https://api.ibkr.com/sso/AuthenticateSSODH?ACTION=COMPLETE&B=8a8a5231bb32e26041ba494705ad56912aab55dce02eecee30ecd764ffa0a40aee33751950db7111685429b725e49ed116c787c9c1ad5a3534b4ecfaa9bb1647&CHRESPONSE=11fdc01529597ca7d147f6c7bf814ce69e315863
-> request: /v1/api/iserver/auth/status
-> GET /v1/api/iserver/auth/status,200|135ms
-> request: /v1/api/iserver/auth/ssodh/init
-> POST https://api.ibkr.com/v1/api/iserver/auth/ssodh/init,200|725ms
-> request: /v1/api/iserver/auth/ssodh/response
-> POST https://api.ibkr.com/v1/api/iserver/auth/ssodh/response,200|408ms
-> request: /v1/api/iserver/accounts
-> GET /v1/api/iserver/accounts,200|204ms
-> GET /v1/api/one/user,503|10133ms
-> GET /v1/api/trsrv/stocks?symbols=AAPL
<- 200 GET /v1/api/trsrv/stocks?symbols=AAPL
-> GET /v1/api/trsrv/futures?symbols=AAPL
<- 200 GET /v1/api/trsrv/futures?symbols=AAPL
-> GET /v1/api/trsrv/secdef/schedule?assetClass=STK&symbol=AAPL
<- 200 GET /v1/api/trsrv/secdef/schedule?assetClass=STK&symbol=AAPL
-> request: /v1/api/tickle
-> GET /v1/api/tickle,200|204ms
-> POST /v1/api/trsrv/secdef
<- 200 POST /v1/api/trsrv/secdef
-> request: /v1/api/tickle
-> GET /v1/api/tickle,200|146ms
-> GET /v1/api/portfolio/accounts
<- 200 GET /v1/api/portfolio/accounts
-> GET /v1/api/portfolio/DU5273918/summary
<- 401 GET /v1/api/portfolio/DU5273918/summary
-> GET /v1/api/portfolio/DU5273918/summary
<- 401 GET /v1/api/portfolio/DU5273918/summary
-> GET /v1/api/portfolio/DU5273918/meta
<- 401 GET /v1/api/portfolio/DU5273918/meta
-> GET /v1/api/portfolio/DU5273918/positions/10
<- 401 GET /v1/api/portfolio/DU5273918/positions/10
-> GET /v1/api/portfolio/accounts
<- 200 GET /v1/api/portfolio/accounts
-> request: /v1/api/tickle
-> GET /v1/api/tickle,200|131ms
-> GET /v1/api/portfolio/F7063449/summary
<- 200 GET /v1/api/portfolio/F7063449/summary
-> GET /v1/api/portfolio/F7063449/meta
<- 200 GET /v1/api/portfolio/F7063449/meta
-> request: /v1/api/tickle
-> GET /v1/api/tickle,200|210ms
-> GET /v1/api/portfolio/F7063449/positions/10
<- 200 GET /v1/api/portfolio/F7063449/positions/10
-> GET /v1/api/portfolio/subaccounts
<- 200 GET /v1/api/portfolio/subaccounts
-> request: /v1/api/tickle
-> GET /v1/api/tickle,200|133ms
-> POST /v1/api/portfolio/allocation
<- 200 POST /v1/api/portfolio/allocation
-> POST /v1/api/portfolio/allocation
<- 200 POST /v1/api/portfolio/allocation
-> POST /v1/api/portfolio/allocation
<- 200 POST /v1/api/portfolio/allocation
-> request: /v1/api/tickle
-> GET /v1/api/tickle,200|211ms
-> GET /v1/api/portfolio/F7063449/allocation
<- 200 GET /v1/api/portfolio/F7063449/allocation
-> GET /v1/api/portfolio/F7063449/ledger
<- 200 GET /v1/api/portfolio/F7063449/ledger
-> request: /v1/api/tickle
-> GET /v1/api/tickle,200|133ms
-> POST /v1/api/tickle
<- 200 POST /v1/api/tickle
-> POST /v1/api/tickle
<- 200 POST /v1/api/tickle
-> GET /v1/api/sso/validate
<- 200 GET /v1/api/sso/validate
-> request: /v1/api/sso/validate?gw=1
-> GET /v1/api/sso/validate?gw=1,200|137ms
-> request: /v1/api/one/user
-> request: /sso/AuthenticateSSODH?ACTION=INIT
-> sso GET https://api.ibkr.com/sso/AuthenticateSSODH?ACTION=INIT
-> GET /v1/api/one/user,200|134ms
-> request: /sso/AuthenticateSSODH?ACTION=COMPLETE&B=c42f77c4a8587118a6855e66a8fb7cbf9a8cb80ddb562f03fed4fd11fdbc3687ba28af206ea3833e6910563896e6e56ddf6a7aa404e384c1f692eb4d598bc759&CHRESPONSE=3174a879cb2e0d0c3ed1730a05ec1d26b02a76c7
-> sso GET https://api.ibkr.com/sso/AuthenticateSSODH?ACTION=COMPLETE&B=c42f77c4a8587118a6855e66a8fb7cbf9a8cb80ddb562f03fed4fd11fdbc3687ba28af206ea3833e6910563896e6e56ddf6a7aa404e384c1f692eb4d598bc759&CHRESPONSE=3174a879cb2e0d0c3ed1730a05ec1d26b02a76c7
-> GET /v1/api/iserver/auth/status
<- 200 GET /v1/api/iserver/auth/status
-> request: /v1/api/iserver/auth/status
-> GET /v1/api/iserver/auth/status,200|281ms
-> request: /v1/api/iserver/accounts
-> GET /v1/api/iserver/accounts,200|135ms
-> GET /v1/api/iserver/auth/status
<- 200 GET /v1/api/iserver/auth/status
-> request: /v1/api/tickle
-> GET /v1/api/tickle,200|231ms
-> POST /v1/api/tickle
<- 200 POST /v1/api/tickle
-> GET /v1/api/portfolio/F7063449/meta
<- 200 GET /v1/api/portfolio/F7063449/meta
-> POST /v1/api/portfolio/allocation
<- 200 POST /v1/api/portfolio/allocation
-> request: /v1/api/sso/validate?gw=1
-> GET /v1/api/sso/validate?gw=1,200|144ms
-> request: /v1/api/one/user
-> request: /sso/AuthenticateSSODH?ACTION=INIT
-> sso GET https://api.ibkr.com/sso/AuthenticateSSODH?ACTION=INIT
-> GET /v1/api/one/user,200|132ms
-> request: /sso/AuthenticateSSODH?ACTION=COMPLETE&B=89eff68d2407a2c81fe2cc0c87692d561ce56b98d00398d3c72a1d2a8b32292ce86588024f5f3d6cb060252dcc7b621d2cc23e8971be73bc09fb0e0483c610eb&CHRESPONSE=2c824fa710c6b42dcfc53b45df75d612f012c7b2
-> sso GET https://api.ibkr.com/sso/AuthenticateSSODH?ACTION=COMPLETE&B=89eff68d2407a2c81fe2cc0c87692d561ce56b98d00398d3c72a1d2a8b32292ce86588024f5f3d6cb060252dcc7b621d2cc23e8971be73bc09fb0e0483c610eb&CHRESPONSE=2c824fa710c6b42dcfc53b45df75d612f012c7b2
-> GET /v1/api/sso/validate
<- 200 GET /v1/api/sso/validate
-> request: /v1/api/tickle
-> request: /v1/api/iserver/auth/status
-> GET /v1/api/tickle,200|139ms
-> GET /v1/api/iserver/auth/status,200|130ms
-> request: /v1/api/iserver/accounts
-> GET /v1/api/iserver/accounts,200|297ms
-> request: /v1/api/tickle
-> GET /v1/api/tickle,200|213ms
-> request: /v1/api/tickle
-> GET /v1/api/tickle,200|138ms
-> request: /v1/api/tickle
-> GET /v1/api/tickle,200|238ms
-> request: /v1/api/tickle
-> GET /v1/api/tickle,200|129ms
-> request: /v1/api/tickle
-> GET /v1/api/tickle,200|234ms
-> request: /v1/api/tickle
-> GET /v1/api/tickle,200|129ms
-> request: /v1/api/tickle
-> GET /v1/api/tickle,200|230ms
-> request: /v1/api/tickle
-> GET /v1/api/tickle,200|138ms
-> request: /v1/api/tickle
-> GET /v1/api/tickle,200|239ms
-> request: /sso/ping
-> GET /sso/ping,200|601ms
-> request: /v1/api/tickle
-> GET /v1/api/tickle,200|241ms
-> request: /v1/api/tickle
-> GET /v1/api/tickle,200|272ms
-> request: /v1/api/tickle
-> GET /v1/api/tickle,200|145ms
-> request: /v1/api/tickle
-> GET /v1/api/tickle,200|458ms
-> GET /v1/api/portfolio/accounts
<- 200 GET /v1/api/portfolio/accounts
-> request: /v1/api/tickle
-> GET /v1/api/tickle,200|128ms
-> request: /v1/api/tickle
-> GET /v1/api/tickle,200|261ms
-> request: /v1/api/tickle
-> GET /v1/api/tickle,200|147ms
-> request: /v1/api/tickle
-> GET /v1/api/tickle,200|267ms
-> request: /v1/api/tickle
-> GET /v1/api/tickle,200|136ms
-> request: /v1/api/tickle
-> GET /v1/api/tickle,200|274ms
-> request: /sso/ping
-> GET /sso/ping,200|533ms
-> request: /v1/api/tickle
-> GET /v1/api/tickle,200|140ms
-> request: /v1/api/tickle
-> GET /v1/api/tickle,200|309ms
-> request: /v1/api/tickle
-> GET /v1/api/tickle,200|222ms
-> request: /v1/api/tickle
-> GET /v1/api/tickle,200|289ms
-> request: /v1/api/tickle
-> GET /v1/api/tickle,200|160ms
-> request: /v1/api/tickle
-> GET /v1/api/tickle,200|213ms
-> request: /v1/api/tickle
-> GET /v1/api/tickle,200|197ms
-> request: /v1/api/tickle
-> GET /v1/api/tickle,200|201ms
-> request: /v1/api/tickle
-> GET /v1/api/tickle,200|133ms
-> request: /v1/api/tickle
-> GET /v1/api/tickle,200|208ms
-> request: /sso/ping
-> GET /sso/ping,200|585ms
-> request: /v1/api/tickle
-> GET /v1/api/tickle,200|137ms
-> request: /v1/api/tickle
-> GET /v1/api/tickle,200|215ms
-> request: /v1/api/tickle
-> GET /v1/api/tickle,200|135ms
-> request: /v1/api/tickle
-> GET /v1/api/tickle,200|221ms
-> request: /v1/api/tickle
-> GET /v1/api/tickle,200|145ms
-> request: /v1/api/tickle
-> GET /v1/api/tickle,200|231ms
-> GET /v1/api/iserver/marketdata/history?conid=265598
<- 200 GET /v1/api/iserver/marketdata/history?conid=265598
-> request: /v1/api/tickle
-> GET /v1/api/tickle,200|142ms
-> request: /v1/api/tickle
-> GET /v1/api/tickle,200|236ms
-> request: /v1/api/tickle
-> GET /v1/api/tickle,200|158ms
-> request: /v1/api/tickle
-> GET /v1/api/tickle,200|244ms
-> request: /sso/ping
-> GET /sso/ping,200|606ms
-> request: /v1/api/tickle
-> GET /v1/api/tickle,200|126ms
-> request: /v1/api/tickle
-> GET /v1/api/tickle,200|250ms
-> request: /v1/api/tickle
-> GET /v1/api/tickle,200|142ms
-> request: /v1/api/tickle
-> GET /v1/api/tickle,200|168ms
-> request: /v1/api/tickle
-> GET /v1/api/tickle,200|135ms
-> request: /v1/api/tickle
-> GET /v1/api/tickle,200|266ms
-> request: /v1/api/tickle
-> GET /v1/api/tickle,200|269ms
-> request: /v1/api/tickle
-> GET /v1/api/tickle,200|272ms
-> request: /v1/api/tickle
-> GET /v1/api/tickle,200|127ms
-> request: /v1/api/tickle
-> GET /v1/api/tickle,200|280ms
-> request: /sso/ping
-> GET /sso/ping,200|641ms
-> request: /v1/api/tickle
-> GET /v1/api/tickle,200|140ms
-> request: /v1/api/tickle
-> GET /v1/api/tickle,200|207ms
-> request: /v1/api/tickle
-> GET /v1/api/tickle,200|130ms
-> request: /v1/api/tickle
-> GET /v1/api/tickle,200|193ms
-> request: /v1/api/tickle
-> GET /v1/api/tickle,200|128ms
-> request: /v1/api/tickle
-> GET /v1/api/tickle,200|200ms
-> request: /v1/api/tickle
-> GET /v1/api/tickle,200|143ms
-> request: /v1/api/tickle
-> GET /v1/api/tickle,200|309ms
-> request: /v1/api/tickle
-> GET /v1/api/tickle,200|238ms
-> request: /v1/api/tickle
-> GET /v1/api/tickle,200|231ms
-> request: /sso/ping
-> GET /sso/ping,200|593ms
-> request: /v1/api/tickle
-> GET /v1/api/tickle,200|151ms
-> request: /v1/api/tickle
-> GET /v1/api/tickle,200|231ms
-> request: /v1/api/tickle
-> GET /v1/api/tickle,200|137ms
-> request: /v1/api/tickle
-> GET /v1/api/tickle,200|227ms
-> request: /v1/api/tickle
-> GET /v1/api/tickle,200|138ms
-> request: /v1/api/tickle
-> GET /v1/api/tickle,200|236ms
-> request: /v1/api/tickle
-> GET /v1/api/tickle,200|140ms
-> request: /v1/api/tickle
-> GET /v1/api/tickle,200|242ms
-> request: /v1/api/tickle
-> GET /v1/api/tickle,200|136ms
-> request: /v1/api/tickle
-> GET /v1/api/tickle,200|250ms
-> request: /sso/ping
-> GET /sso/ping,200|611ms
-> request: /v1/api/tickle
-> GET /v1/api/tickle,200|177ms
-> request: /v1/api/tickle
-> GET /v1/api/tickle,200|256ms
-> request: /v1/api/tickle
-> GET /v1/api/tickle,200|135ms
-> request: /v1/api/tickle
-> GET /v1/api/tickle,200|265ms
-> request: /v1/api/tickle
-> GET /v1/api/tickle,200|148ms
-> request: /v1/api/tickle
-> GET /v1/api/tickle,200|271ms
-> request: /v1/api/tickle
-> GET /v1/api/tickle,200|144ms
-> request: /v1/api/tickle
-> GET /v1/api/tickle,200|193ms
-> request: /v1/api/tickle
-> GET /v1/api/tickle,200|146ms
-> request: /v1/api/tickle
-> GET /v1/api/tickle,200|198ms
-> request: /sso/ping
-> GET /sso/ping,200|564ms
-> request: /v1/api/tickle
-> GET /v1/api/tickle,200|141ms
-> request: /v1/api/tickle
-> GET /v1/api/tickle,200|191ms
-> request: /v1/api/tickle
-> GET /v1/api/tickle,200|139ms
-> request: /v1/api/tickle
-> GET /v1/api/tickle,200|197ms
-> request: /v1/api/tickle
-> GET /v1/api/tickle,200|133ms
-> request: /v1/api/tickle
-> GET /v1/api/tickle,200|164ms
-> request: /v1/api/tickle
-> GET /v1/api/tickle,200|131ms
-> request: /v1/api/tickle
-> GET /v1/api/tickle,200|212ms
-> request: /v1/api/tickle
-> GET /v1/api/tickle,200|141ms
-> request: /v1/api/tickle
-> GET /v1/api/tickle,200|219ms
-> request: /sso/ping
-> GET /sso/ping,200|582ms
-> request: /v1/api/tickle
-> GET /v1/api/tickle,200|133ms
-> request: /v1/api/tickle
-> GET /v1/api/tickle,200|227ms
-> request: /v1/api/tickle
-> GET /v1/api/tickle,200|145ms
-> request: /v1/api/tickle
-> GET /v1/api/tickle,200|164ms
-> request: /v1/api/tickle
-> GET /v1/api/tickle,200|131ms
-> request: /v1/api/tickle
-> GET /v1/api/tickle,200|241ms
-> request: /v1/api/tickle
-> GET /v1/api/tickle,200|135ms
-> request: /v1/api/tickle
-> GET /v1/api/tickle,200|1187ms
-> request: /v1/api/tickle
-> GET /v1/api/tickle,200|132ms
-> request: /v1/api/tickle
-> GET /v1/api/tickle,200|275ms
-> request: /sso/ping
-> GET /sso/ping,200|618ms
-> request: /v1/api/tickle
-> GET /v1/api/tickle,200|143ms
-> request: /v1/api/tickle
-> GET /v1/api/tickle,200|263ms
-> request: /v1/api/tickle
-> GET /v1/api/tickle,200|137ms
-> request: /v1/api/tickle
-> GET /v1/api/tickle,200|269ms
-> request: /v1/api/tickle
-> GET /v1/api/tickle,200|143ms
-> request: /v1/api/tickle
-> GET /v1/api/tickle,200|275ms
-> request: /v1/api/tickle
-> GET /v1/api/tickle,200|140ms
-> request: /v1/api/tickle
-> GET /v1/api/tickle,200|182ms
-> request: /v1/api/tickle
-> GET /v1/api/tickle,200|195ms
-> request: /v1/api/tickle
-> GET /v1/api/tickle,200|291ms
-> request: /sso/ping
-> GET /sso/ping,200|653ms
-> request: /v1/api/tickle
-> GET /v1/api/tickle,200|150ms
-> request: /v1/api/tickle
-> GET /v1/api/tickle,200|222ms
-> request: /v1/api/tickle
-> GET /v1/api/tickle,200|200ms
-> request: /v1/api/tickle
-> GET /v1/api/tickle,200|202ms
-> request: /v1/api/tickle
-> GET /v1/api/tickle,200|207ms
-> request: /v1/api/tickle
-> GET /v1/api/tickle,200|210ms
-> request: /v1/api/tickle
-> GET /v1/api/tickle,200|139ms
-> request: /v1/api/tickle
-> GET /v1/api/tickle,200|218ms
-> request: /v1/api/tickle
-> GET /v1/api/tickle,200|140ms
-> request: /v1/api/tickle
-> GET /v1/api/tickle,200|224ms
-> request: /sso/ping
-> GET /sso/ping,200|604ms
-> request: /v1/api/tickle
-> GET /v1/api/tickle,200|134ms
-> request: /v1/api/tickle
-> GET /v1/api/tickle,200|239ms
-> request: /v1/api/tickle
-> GET /v1/api/tickle,200|133ms
-> request: /v1/api/tickle
-> GET /v1/api/tickle,200|257ms
-> request: /v1/api/tickle
-> GET /v1/api/tickle,200|147ms
-> request: /v1/api/tickle
-> GET /v1/api/tickle,200|202ms
-> request: /v1/api/tickle
-> GET /v1/api/tickle,200|249ms
-> request: /v1/api/tickle
-> GET /v1/api/tickle,200|257ms
-> request: /v1/api/tickle
-> GET /v1/api/tickle,200|256ms
-> request: /v1/api/tickle
-> GET /v1/api/tickle,200|279ms
-> request: /sso/ping
-> GET /sso/ping,200|637ms
-> request: /v1/api/tickle
-> GET /v1/api/tickle,200|141ms
-> request: /v1/api/tickle
-> GET /v1/api/tickle,200|286ms
-> request: /v1/api/tickle
-> GET /v1/api/tickle,200|195ms
-> request: /v1/api/tickle
-> GET /v1/api/tickle,200|286ms
-> request: /v1/api/tickle
-> GET /v1/api/tickle,200|279ms
-> request: /v1/api/tickle
-> GET /v1/api/tickle,200|208ms
-> request: /v1/api/tickle
-> GET /v1/api/tickle,200|142ms
-> request: /v1/api/tickle
-> GET /v1/api/tickle,200|187ms
-> request: /v1/api/tickle
-> GET /v1/api/tickle,200|294ms
-> request: /v1/api/tickle
-> GET /v1/api/tickle,200|196ms
-> request: /sso/ping
-> GET /sso/ping,200|659ms
-> request: /v1/api/tickle
-> GET /v1/api/tickle,200|141ms
-> request: /v1/api/tickle
-> GET /v1/api/tickle,200|183ms
-> request: /v1/api/tickle
-> GET /v1/api/tickle,200|207ms
-> request: /v1/api/tickle
-> GET /v1/api/tickle,200|167ms
-> request: /v1/api/tickle
-> GET /v1/api/tickle,200|419ms
-> request: /v1/api/tickle
-> GET /v1/api/tickle,200|318ms
-> POST /v1/api/iserver/account/F7063449/orders
<- 400 POST /v1/api/iserver/account/F7063449/orders
-> POST /v1/api/iserver/account/F7063449/orders
<- 400 POST /v1/api/iserver/account/F7063449/orders
-> POST /v1/api/iserver/account/F7063449/order
<- 500 POST /v1/api/iserver/account/F7063449/order
-> request: /v1/api/tickle
-> GET /v1/api/tickle,200|242ms
-> request: /v1/api/tickle
-> GET /v1/api/tickle,200|224ms
-> request: /v1/api/tickle
-> GET /v1/api/tickle,200|136ms
-> request: /v1/api/tickle
-> GET /v1/api/tickle,200|232ms
-> request: /sso/ping
-> GET /sso/ping,200|593ms
-> request: /v1/api/tickle
-> GET /v1/api/tickle,200|175ms
-> request: /v1/api/tickle
-> GET /v1/api/tickle,200|237ms
-> request: /v1/api/tickle
-> GET /v1/api/tickle,200|132ms
-> request: /v1/api/tickle
-> GET /v1/api/tickle,200|247ms
-> request: /v1/api/tickle
-> GET /v1/api/tickle,200|455ms
-> request: /v1/api/tickle
-> GET /v1/api/tickle,200|171ms
-> request: /v1/api/tickle
-> GET /v1/api/tickle,200|140ms
-> request: /v1/api/tickle
-> GET /v1/api/tickle,200|261ms
-> request: /v1/api/tickle
-> GET /v1/api/tickle,200|162ms
-> request: /v1/api/tickle
-> GET /v1/api/tickle,200|268ms
-> request: /sso/ping
-> GET /sso/ping,200|629ms
-> request: /v1/api/tickle
-> GET /v1/api/tickle,200|135ms
-> request: /v1/api/tickle
-> GET /v1/api/tickle,200|275ms
-> request: /v1/api/tickle
-> GET /v1/api/tickle,200|141ms
-> request: /v1/api/tickle
-> GET /v1/api/tickle,200|281ms
-> request: /v1/api/tickle
-> GET /v1/api/tickle,200|144ms
-> request: /v1/api/tickle
-> GET /v1/api/tickle,200|186ms
-> request: /v1/api/tickle
-> GET /v1/api/tickle,200|203ms
-> request: /v1/api/tickle
-> GET /v1/api/tickle,200|193ms
-> request: /v1/api/tickle
-> GET /v1/api/tickle,200|196ms
-> request: /v1/api/tickle
-> GET /v1/api/tickle,200|391ms
-> request: /sso/ping
-> GET /sso/ping,200|665ms
-> request: /v1/api/tickle
-> GET /v1/api/tickle,200|181ms
-> request: /v1/api/tickle
-> GET /v1/api/tickle,200|227ms
-> request: /v1/api/tickle
-> GET /v1/api/tickle,200|139ms
-> request: /v1/api/tickle
-> GET /v1/api/tickle,200|180ms
-> request: /v1/api/tickle
-> GET /v1/api/tickle,200|133ms
-> request: /v1/api/tickle
-> GET /v1/api/tickle,200|250ms
-> request: /v1/api/tickle
-> GET /v1/api/tickle,200|157ms
-> request: /v1/api/tickle
-> GET /v1/api/tickle,200|229ms
-> request: /v1/api/tickle
-> GET /v1/api/tickle,200|135ms
-> request: /v1/api/tickle
-> GET /v1/api/tickle,200|236ms
-> request: /sso/ping
-> GET /sso/ping,200|604ms
-> request: /v1/api/tickle
-> GET /v1/api/tickle,200|159ms
-> request: /v1/api/tickle
-> GET /v1/api/tickle,200|248ms
-> request: /v1/api/tickle
-> GET /v1/api/tickle,200|134ms
-> request: /v1/api/tickle
-> GET /v1/api/tickle,200|269ms
-> request: /v1/api/tickle
-> GET /v1/api/tickle,200|141ms
-> request: /v1/api/tickle
-> GET /v1/api/tickle,200|262ms
-> request: /v1/api/tickle
-> GET /v1/api/tickle,200|143ms
-> request: /v1/api/tickle
-> GET /v1/api/tickle,200|265ms
-> request: /v1/api/tickle
-> GET /v1/api/tickle,200|136ms
-> request: /v1/api/tickle
-> GET /v1/api/tickle,200|198ms
-> request: /sso/ping
-> GET /sso/ping,200|1166ms
-> request: /v1/api/tickle
-> GET /v1/api/tickle,200|132ms
-> request: /v1/api/tickle
-> GET /v1/api/tickle,200|214ms
-> request: /v1/api/tickle
-> GET /v1/api/tickle,200|130ms
-> request: /v1/api/tickle
-> GET /v1/api/tickle,200|287ms
-> request: /v1/api/tickle
-> GET /v1/api/tickle,200|129ms
-> request: /v1/api/tickle
-> GET /v1/api/tickle,200|304ms
-> request: /v1/api/tickle
-> GET /v1/api/tickle,200|134ms
-> request: /v1/api/tickle
-> GET /v1/api/tickle,200|227ms
-> request: /v1/api/tickle
-> GET /v1/api/tickle,200|134ms
-> request: /v1/api/tickle
-> GET /v1/api/tickle,200|205ms
-> request: /sso/ping
-> GET /sso/ping,200|776ms
-> request: /v1/api/tickle
-> GET /v1/api/tickle,200|184ms
-> request: /v1/api/tickle
-> GET /v1/api/tickle,200|214ms
-> request: /v1/api/tickle
-> GET /v1/api/tickle,200|136ms
-> request: /v1/api/tickle
-> GET /v1/api/tickle,200|325ms
-> request: /v1/api/tickle
-> GET /v1/api/tickle,200|145ms
-> request: /v1/api/tickle
-> GET /v1/api/tickle,200|254ms
-> request: /v1/api/tickle
-> GET /v1/api/tickle,200|142ms
-> request: /v1/api/tickle
-> GET /v1/api/tickle,200|234ms
-> request: /v1/api/tickle
-> GET /v1/api/tickle,200|151ms
-> request: /v1/api/tickle
-> GET /v1/api/tickle,200|242ms
-> request: /sso/ping
-> GET /sso/ping,200|826ms
-> request: /v1/api/tickle
-> GET /v1/api/tickle,200|134ms
-> request: /v1/api/tickle
-> GET /v1/api/tickle,200|248ms
-> request: /v1/api/tickle
-> GET /v1/api/tickle,200|254ms
-> request: /v1/api/tickle
-> GET /v1/api/tickle,200|479ms
-> request: /v1/api/tickle
-> GET /v1/api/tickle,200|133ms
-> request: /v1/api/tickle
-> GET /v1/api/tickle,200|265ms
-> request: /v1/api/tickle
-> GET /v1/api/tickle,200|133ms
-> request: /v1/api/tickle
-> GET /v1/api/tickle,200|274ms
-> request: /v1/api/tickle
-> GET /v1/api/tickle,200|159ms
-> request: /v1/api/tickle
-> GET /v1/api/tickle,200|279ms
-> request: /sso/ping
-> GET /sso/ping,200|559ms
-> request: /v1/api/tickle
-> GET /v1/api/tickle,200|142ms
-> request: /v1/api/tickle
-> GET /v1/api/tickle,200|336ms
-> request: /v1/api/tickle
-> GET /v1/api/tickle,200|141ms
-> request: /v1/api/tickle
-> GET /v1/api/tickle,200|190ms
-> request: /v1/api/tickle
-> GET /v1/api/tickle,200|189ms
-> request: /v1/api/tickle
-> GET /v1/api/tickle,200|199ms
-> request: /v1/api/tickle
-> GET /v1/api/tickle,200|135ms
-> request: /v1/api/tickle
-> GET /v1/api/tickle,200|232ms
-> request: /v1/api/tickle
-> GET /v1/api/tickle,200|134ms
-> request: /v1/api/tickle
-> GET /v1/api/tickle,200|210ms
-> request: /sso/ping
-> GET /sso/ping,200|544ms
-> request: /v1/api/tickle
-> GET /v1/api/tickle,200|133ms
-> request: /v1/api/tickle
-> GET /v1/api/tickle,200|233ms
-> request: /v1/api/tickle
-> GET /v1/api/tickle,200|128ms
-> request: /v1/api/tickle
-> GET /v1/api/tickle,200|226ms
-> request: /v1/api/tickle
-> GET /v1/api/tickle,200|230ms
-> request: /v1/api/tickle
-> GET /v1/api/tickle,200|168ms
-> request: /v1/api/tickle
-> GET /v1/api/tickle,200|154ms
-> request: /v1/api/tickle
-> GET /v1/api/tickle,200|241ms
-> request: /v1/api/tickle
-> GET /v1/api/tickle,200|130ms
-> request: /v1/api/tickle
-> GET /v1/api/tickle,200|247ms
-> request: /sso/ping
-> GET /sso/ping,200|545ms
-> request: /v1/api/tickle
-> GET /v1/api/tickle,200|144ms
-> request: /v1/api/tickle
-> GET /v1/api/tickle,200|194ms
-> request: /v1/api/tickle
-> GET /v1/api/tickle,200|133ms
-> request: /v1/api/tickle
-> GET /v1/api/tickle,200|264ms
-> request: /v1/api/tickle
-> GET /v1/api/tickle,200|291ms
-> request: /v1/api/tickle
-> GET /v1/api/tickle,200|372ms
-> request: /v1/api/tickle
-> GET /v1/api/tickle,200|135ms
-> request: /v1/api/tickle
-> GET /v1/api/tickle,200|280ms
-> request: /v1/api/tickle
-> GET /v1/api/tickle,200|135ms
-> request: /v1/api/tickle
-> GET /v1/api/tickle,200|489ms
-> request: /sso/ping
-> GET /sso/ping,200|528ms
-> request: /v1/api/tickle
-> GET /v1/api/tickle,200|141ms
-> request: /v1/api/tickle
-> GET /v1/api/tickle,200|291ms
-> request: /v1/api/tickle
-> GET /v1/api/tickle,200|295ms
-> request: /v1/api/tickle
-> GET /v1/api/tickle,200|299ms
-> request: /v1/api/tickle
-> GET /v1/api/tickle,200|141ms
-> request: /v1/api/tickle
-> GET /v1/api/tickle,200|203ms
-> request: /v1/api/tickle
-> GET /v1/api/tickle,200|137ms
-> request: /v1/api/tickle
-> GET /v1/api/tickle,200|211ms
-> request: /v1/api/tickle
-> GET /v1/api/tickle,200|135ms
-> request: /v1/api/tickle
-> GET /v1/api/tickle,200|525ms
-> request: /sso/ping
-> GET /sso/ping,200|786ms
-> request: /v1/api/tickle
-> GET /v1/api/tickle,200|248ms
-> request: /v1/api/tickle
-> GET /v1/api/tickle,200|225ms
-> request: /v1/api/tickle
-> GET /v1/api/tickle,200|131ms
-> request: /v1/api/tickle
-> GET /v1/api/tickle,200|233ms
-> request: /v1/api/tickle
-> GET /v1/api/tickle,200|142ms
-> request: /v1/api/tickle
-> GET /v1/api/tickle,200|246ms
-> request: /v1/api/tickle
-> GET /v1/api/tickle,200|144ms
-> request: /v1/api/tickle
-> GET /v1/api/tickle,200|249ms
-> request: /v1/api/tickle
-> GET /v1/api/tickle,200|172ms
-> request: /v1/api/tickle
-> GET /v1/api/tickle,200|253ms
-> request: /sso/ping
-> GET /sso/ping,200|616ms
-> request: /v1/api/tickle
-> GET /v1/api/tickle,200|144ms
-> request: /v1/api/tickle
-> GET /v1/api/tickle,200|262ms
-> request: /v1/api/tickle
-> GET /v1/api/tickle,200|266ms
-> request: /v1/api/tickle
-> GET /v1/api/tickle,200|487ms
-> request: /v1/api/tickle
-> GET /v1/api/tickle,200|137ms
-> request: /v1/api/tickle
-> GET /v1/api/tickle,200|275ms
-> request: /v1/api/tickle
-> GET /v1/api/tickle,200|133ms
-> request: /v1/api/tickle
-> GET /v1/api/tickle,200|283ms
-> request: /v1/api/tickle
-> GET /v1/api/tickle,200|129ms
-> request: /v1/api/tickle
-> GET /v1/api/tickle,200|290ms
-> request: /sso/ping
-> GET /sso/ping,200|549ms
-> request: /v1/api/tickle
-> GET /v1/api/tickle,200|135ms
-> request: /v1/api/tickle
-> GET /v1/api/tickle,200|196ms
-> request: /v1/api/tickle
-> GET /v1/api/tickle,200|140ms
-> request: /v1/api/tickle
-> GET /v1/api/tickle,200|202ms
-> request: /v1/api/tickle
-> GET /v1/api/tickle,200|205ms
-> request: /v1/api/tickle
-> GET /v1/api/tickle,200|226ms
-> request: /v1/api/tickle
-> GET /v1/api/tickle,200|144ms
-> request: /v1/api/tickle
-> GET /v1/api/tickle,200|216ms
-> request: /v1/api/tickle
-> GET /v1/api/tickle,200|139ms
-> request: /v1/api/tickle
-> GET /v1/api/tickle,200|223ms
-> request: /sso/ping
-> GET /sso/ping,200|587ms
-> request: /v1/api/tickle
-> GET /v1/api/tickle,200|253ms
-> request: /v1/api/tickle
-> GET /v1/api/tickle,200|231ms
-> request: /v1/api/tickle
-> GET /v1/api/tickle,200|138ms
-> request: /v1/api/tickle
-> GET /v1/api/tickle,200|260ms
-> request: /v1/api/tickle
-> GET /v1/api/tickle,200|144ms
-> request: /v1/api/tickle
-> GET /v1/api/tickle,200|270ms
-> request: /v1/api/tickle
-> GET /v1/api/tickle,200|250ms
-> request: /v1/api/tickle
-> GET /v1/api/tickle,200|255ms
-> request: /v1/api/tickle
-> GET /v1/api/tickle,200|134ms
-> request: /v1/api/tickle
-> GET /v1/api/tickle,200|259ms
-> request: /sso/ping
-> GET /sso/ping,200|544ms
-> request: /v1/api/tickle
-> GET /v1/api/tickle,200|143ms
-> request: /v1/api/tickle
-> GET /v1/api/tickle,200|266ms
-> request: /v1/api/tickle
-> GET /v1/api/tickle,200|148ms
-> request: /v1/api/tickle
-> GET /v1/api/tickle,200|273ms
-> request: /v1/api/tickle
-> GET /v1/api/tickle,200|137ms
-> request: /v1/api/tickle
-> GET /v1/api/tickle,200|488ms
-> request: /v1/api/tickle
-> GET /v1/api/tickle,200|149ms
-> request: /v1/api/tickle
-> GET /v1/api/tickle,200|186ms
-> request: /v1/api/tickle
-> GET /v1/api/tickle,200|189ms
-> request: /v1/api/tickle
-> GET /v1/api/tickle,200|193ms
-> request: /sso/ping
-> GET /sso/ping,200|358ms
-> request: /v1/api/tickle
-> GET /v1/api/tickle,200|132ms
-> request: /v1/api/tickle
-> GET /v1/api/tickle,200|201ms
-> request: /v1/api/tickle
-> GET /v1/api/tickle,200|203ms
-> request: /v1/api/tickle
-> GET /v1/api/tickle,200|480ms
-> request: /v1/api/tickle
-> GET /v1/api/tickle,200|211ms
-> request: /v1/api/tickle
-> GET /v1/api/tickle,200|318ms
-> request: /v1/api/tickle
-> GET /v1/api/tickle,200|146ms
-> request: /v1/api/tickle
-> GET /v1/api/tickle,200|203ms
-> request: /v1/api/tickle
-> GET /v1/api/tickle,200|134ms
-> request: /v1/api/tickle
-> GET /v1/api/tickle,200|332ms
-> request: /sso/ping
-> GET /sso/ping,200|640ms
-> request: /v1/api/tickle
-> GET /v1/api/tickle,200|149ms
-> request: /v1/api/tickle
-> GET /v1/api/tickle,200|236ms
-> request: /v1/api/tickle
-> GET /v1/api/tickle,200|241ms
-> request: /v1/api/tickle
-> GET /v1/api/tickle,200|366ms
-> request: /v1/api/tickle
-> GET /v1/api/tickle,200|247ms
-> request: /v1/api/tickle
-> GET /v1/api/tickle,200|254ms
-> request: /v1/api/tickle
-> GET /v1/api/tickle,200|1533ms
-> request: /v1/api/tickle
-> GET /v1/api/tickle,200|259ms
-> request: /v1/api/tickle
-> GET /v1/api/tickle,200|199ms
-> request: /v1/api/tickle
-> GET /v1/api/tickle,200|266ms
-> request: /sso/ping
-> GET /sso/ping,200|649ms
-> request: /v1/api/tickle
-> GET /v1/api/tickle,200|176ms
-> request: /v1/api/tickle
-> GET /v1/api/tickle,200|579ms
-> request: /v1/api/tickle
-> GET /v1/api/tickle,200|167ms
-> request: /v1/api/tickle
-> GET /v1/api/tickle,200|4879ms
-> request: /v1/api/tickle
-> request: /v1/api/tickle
-> request: /v1/api/tickle
-> GET /v1/api/tickle,200|1773ms
-> request: /v1/api/tickle
-> request: /v1/api/tickle
-> GET /v1/api/tickle,401|1586ms
-> request: /v1/api/sso/validate?gw=1
-> GET /v1/api/sso/validate?gw=1,401|442ms
-> request: /v1/api/sso/validate?gw=1
-> GET /v1/api/sso/validate?gw=1,401|443ms
-> request: /v1/api/sso/validate?gw=1
-> GET /v1/api/sso/validate?gw=1,401|375ms
-> request: /v1/api/sso/validate?gw=1
-> GET /v1/api/sso/validate?gw=1,401|375ms
-> request: /v1/api/sso/validate?gw=1
-> GET /v1/api/sso/validate?gw=1,401|375ms
-> request: /sso/ping
-> GET /sso/ping,200|369ms
-> request: /sso/ping
-> GET /sso/ping,200|582ms
-> request: /sso/ping
-> GET /sso/ping,200|415ms
-> request: /sso/ping
-> GET /sso/ping,200|351ms
-> request: /sso/ping
-> GET /sso/ping,200|591ms
-> request: /sso/ping
-> GET /sso/ping,200|832ms
-> request: /sso/ping
-> GET /sso/ping,200|496ms
-> request: /sso/ping
-> GET /sso/ping,200|541ms
